[23-Nov-2023 08:40:48 UTC] WordPress database error Table 'wp_e_events' already exists for query CREATE TABLE `wp_e_events` (
			id bigint(20) unsigned auto_increment primary key,
			event_data text null,
			created_at datetime not null
		) DEFAULT CHARACTER SET utf8mb4 COLLATE utf8mb4_unicode_520_ci; made by require('wp-blog-header.php'), wp, WP->main, WP->parse_request, do_action_ref_array('parse_request'), WP_Hook->do_action, WP_Hook->apply_filters, rest_api_loaded, rest_get_server, do_action('rest_api_init'), WP_Hook->do_action, WP_Hook->apply_filters, Elementor\Plugin->on_rest_api_init, Elementor\Plugin->init_common, Elementor\Core\Common\App->init_components, Elementor\Core\Common\Modules\EventTracker\Module->__construct, Elementor\Core\Common\Modules\EventTracker\DB->__construct, Elementor\Core\Common\Modules\EventTracker\DB->create_table
[23-Nov-2023 08:40:48 UTC] WordPress database error Duplicate key name 'created_at_index' for query ALTER TABLE wp_e_events
    		ADD INDEX `created_at_index` (`created_at`)
		 made by require('wp-blog-header.php'), wp, WP->main, WP->parse_request, do_action_ref_array('parse_request'), WP_Hook->do_action, WP_Hook->apply_filters, rest_api_loaded, rest_get_server, do_action('rest_api_init'), WP_Hook->do_action, WP_Hook->apply_filters, Elementor\Plugin->on_rest_api_init, Elementor\Plugin->init_common, Elementor\Core\Common\App->init_components, Elementor\Core\Common\Modules\EventTracker\Module->__construct, Elementor\Core\Common\Modules\EventTracker\DB->__construct, Elementor\Core\Common\Modules\EventTracker\DB->add_indexes
[04-Dec-2023 00:21:19 UTC] PHP Warning:  Undefined array key "url" in C:\Users\Migu-\Local Sites\laviedesplantes\app\public\wp-content\plugins\wpforms-lite\src\Forms\IconChoices.php on line 127
[04-Dec-2023 00:21:19 UTC] PHP Warning:  Undefined array key "path" in C:\Users\Migu-\Local Sites\laviedesplantes\app\public\wp-content\plugins\wpforms-lite\src\Forms\IconChoices.php on line 128
[04-Dec-2023 00:21:27 UTC] Erreur d’événement de replanification de tâche pour le crochet action_scheduler_run_queue. Code d’erreur : could_not_set. Message d’erreur : La liste des évènements planifiés n’a pas pu être sauvegardée.. Données : {"schedule":"every_minute","args":["WP Cron"],"interval":60}
[04-Dec-2023 00:21:27 UTC] Erreur d’événement de replanification de tâche pour le crochet wp_version_check. Code d’erreur : could_not_set. Message d’erreur : La liste des évènements planifiés n’a pas pu être sauvegardée.. Données : {"schedule":"twicedaily","args":[],"interval":43200}
[04-Dec-2023 00:21:27 UTC] Erreur d’événement de déplanification de tâche pour le crochet wp_version_check. Code d’erreur : could_not_set. Message d’erreur : La liste des évènements planifiés n’a pas pu être sauvegardée.. Données : {"schedule":"twicedaily","args":[],"interval":43200}
[04-Dec-2023 00:21:27 UTC] Erreur d’événement de replanification de tâche pour le crochet wp_update_plugins. Code d’erreur : could_not_set. Message d’erreur : La liste des évènements planifiés n’a pas pu être sauvegardée.. Données : {"schedule":"twicedaily","args":[],"interval":43200}
[04-Dec-2023 00:21:27 UTC] Erreur d’événement de déplanification de tâche pour le crochet wp_update_plugins. Code d’erreur : could_not_set. Message d’erreur : La liste des évènements planifiés n’a pas pu être sauvegardée.. Données : {"schedule":"twicedaily","args":[],"interval":43200}
[04-Dec-2023 00:21:29 UTC] Erreur d’événement de replanification de tâche pour le crochet wp_update_themes. Code d’erreur : could_not_set. Message d’erreur : La liste des évènements planifiés n’a pas pu être sauvegardée.. Données : {"schedule":"twicedaily","args":[],"interval":43200}
[05-Dec-2023 01:47:15 UTC] Erreur d’événement de replanification de tâche pour le crochet wp_privacy_delete_old_export_files. Code d’erreur : could_not_set. Message d’erreur : La liste des évènements planifiés n’a pas pu être sauvegardée.. Données : {"schedule":"hourly","args":[],"interval":3600}
[05-Dec-2023 01:47:15 UTC] Erreur d’événement de déplanification de tâche pour le crochet wp_privacy_delete_old_export_files. Code d’erreur : could_not_set. Message d’erreur : La liste des évènements planifiés n’a pas pu être sauvegardée.. Données : {"schedule":"hourly","args":[],"interval":3600}
[05-Dec-2023 01:47:15 UTC] Erreur d’événement de replanification de tâche pour le crochet wp_version_check. Code d’erreur : could_not_set. Message d’erreur : La liste des évènements planifiés n’a pas pu être sauvegardée.. Données : {"schedule":"twicedaily","args":[],"interval":43200}
[05-Dec-2023 01:47:15 UTC] Erreur d’événement de déplanification de tâche pour le crochet wp_version_check. Code d’erreur : could_not_set. Message d’erreur : La liste des évènements planifiés n’a pas pu être sauvegardée.. Données : {"schedule":"twicedaily","args":[],"interval":43200}
[05-Dec-2023 01:47:15 UTC] Erreur d’événement de replanification de tâche pour le crochet wp_update_plugins. Code d’erreur : could_not_set. Message d’erreur : La liste des évènements planifiés n’a pas pu être sauvegardée.. Données : {"schedule":"twicedaily","args":[],"interval":43200}
[05-Dec-2023 01:47:15 UTC] Erreur d’événement de déplanification de tâche pour le crochet wp_update_plugins. Code d’erreur : could_not_set. Message d’erreur : La liste des évènements planifiés n’a pas pu être sauvegardée.. Données : {"schedule":"twicedaily","args":[],"interval":43200}
[05-Dec-2023 01:47:17 UTC] Erreur d’événement de replanification de tâche pour le crochet wp_scheduled_auto_draft_delete. Code d’erreur : could_not_set. Message d’erreur : La liste des évènements planifiés n’a pas pu être sauvegardée.. Données : {"schedule":"daily","args":[],"interval":86400}
[11-Dec-2023 09:54:21 UTC] Erreur d’événement de replanification de tâche pour le crochet recovery_mode_clean_expired_keys. Code d’erreur : could_not_set. Message d’erreur : La liste des évènements planifiés n’a pas pu être sauvegardée.. Données : {"schedule":"daily","args":[],"interval":86400}
[11-Dec-2023 10:02:42 UTC] Erreur d’événement de replanification de tâche pour le crochet action_scheduler_run_queue. Code d’erreur : could_not_set. Message d’erreur : La liste des évènements planifiés n’a pas pu être sauvegardée.. Données : {"schedule":"every_minute","args":["WP Cron"],"interval":60}
[12-Dec-2023 12:15:17 UTC] PHP Fatal error:  Uncaught Error: Cannot use object of type WP_Term as array in C:\Users\Migu-\Local Sites\laviedesplantes\app\public\wp-content\plugins\polylang\include\query.php:73
Stack trace:
#0 C:\Users\Migu-\Local Sites\laviedesplantes\app\public\wp-content\plugins\polylang\include\query.php(78): PLL_Query->have_translated_taxonomy(Array)
#1 C:\Users\Migu-\Local Sites\laviedesplantes\app\public\wp-content\plugins\polylang\include\query.php(166): PLL_Query->have_translated_taxonomy(Array)
#2 C:\Users\Migu-\Local Sites\laviedesplantes\app\public\wp-content\plugins\polylang\admin\admin-filters-post.php(121): PLL_Query->filter_query(false)
#3 C:\Users\Migu-\Local Sites\laviedesplantes\app\public\wp-includes\class-wp-hook.php(324): PLL_Admin_Filters_Post->parse_query(Object(WP_Query))
#4 C:\Users\Migu-\Local Sites\laviedesplantes\app\public\wp-includes\class-wp-hook.php(348): WP_Hook->apply_filters(NULL, Array)
#5 C:\Users\Migu-\Local Sites\laviedesplantes\app\public\wp-includes\plugin.php(565): WP_Hook->do_action(Array)
#6 C:\Users\Migu-\Local Sites\laviedesplantes\app\public\wp-includes\class-wp-query.php(1140): do_action_ref_array('parse_query', Array)
#7 C:\Users\Migu-\Local Sites\laviedesplantes\app\public\wp-includes\class-wp-query.php(1868): WP_Query->parse_query()
#8 C:\Users\Migu-\Local Sites\laviedesplantes\app\public\wp-includes\class-wp-query.php(3824): WP_Query->get_posts()
#9 C:\Users\Migu-\Local Sites\laviedesplantes\app\public\wp-includes\class-wp-query.php(3956): WP_Query->query(Array)
#10 C:\Users\Migu-\Local Sites\laviedesplantes\app\public\wp-content\plugins\woolentor-addons\includes\addons\product_tabs.php(1389): WP_Query->__construct(Array)
#11 C:\Users\Migu-\Local Sites\laviedesplantes\app\public\wp-content\plugins\elementor\includes\base\controls-stack.php(2297): Elementor\Woolentor_Product_Tabs_Widget->render()
#12 C:\Users\Migu-\Local Sites\laviedesplantes\app\public\wp-content\plugins\elementor\includes\base\widget-base.php(614): Elementor\Controls_Stack->render_by_mode()
#13 C:\Users\Migu-\Local Sites\laviedesplantes\app\public\wp-content\plugins\elementor\core\base\document.php(328): Elementor\Widget_Base->render_content()
#14 C:\Users\Migu-\Local Sites\laviedesplantes\app\public\wp-content\plugins\elementor\includes\managers\widgets.php(459): Elementor\Core\Base\Document->render_element(Array)
#15 [internal function]: Elementor\Widgets_Manager->ajax_render_widget(Array, Object(Elementor\Core\Common\Modules\Ajax\Module))
#16 C:\Users\Migu-\Local Sites\laviedesplantes\app\public\wp-content\plugins\elementor\core\common\modules\ajax\module.php(176): call_user_func(Array, Array, Object(Elementor\Core\Common\Modules\Ajax\Module))
#17 C:\Users\Migu-\Local Sites\laviedesplantes\app\public\wp-includes\class-wp-hook.php(324): Elementor\Core\Common\Modules\Ajax\Module->handle_ajax_request('')
#18 C:\Users\Migu-\Local Sites\laviedesplantes\app\public\wp-includes\class-wp-hook.php(348): WP_Hook->apply_filters('', Array)
#19 C:\Users\Migu-\Local Sites\laviedesplantes\app\public\wp-includes\plugin.php(517): WP_Hook->do_action(Array)
#20 C:\Users\Migu-\Local Sites\laviedesplantes\app\public\wp-admin\admin-ajax.php(188): do_action('wp_ajax_element...')
#21 {main}
  thrown in C:\Users\Migu-\Local Sites\laviedesplantes\app\public\wp-content\plugins\polylang\include\query.php on line 73
[12-Dec-2023 13:34:46 UTC] Erreur d’événement de replanification de tâche pour le crochet action_scheduler_run_queue. Code d’erreur : could_not_set. Message d’erreur : La liste des évènements planifiés n’a pas pu être sauvegardée.. Données : {"schedule":"every_minute","args":["WP Cron"],"interval":60}
[02-Jan-2024 10:19:17 UTC] PHP Warning:  Undefined array key "url" in C:\Users\Migu-\Local Sites\laviedesplantes\app\public\wp-content\plugins\wpforms-lite\src\Forms\IconChoices.php on line 127
[02-Jan-2024 10:19:17 UTC] PHP Warning:  Undefined array key "path" in C:\Users\Migu-\Local Sites\laviedesplantes\app\public\wp-content\plugins\wpforms-lite\src\Forms\IconChoices.php on line 128
[02-Jan-2024 10:19:44 UTC] Erreur d’événement de déplanification de tâche pour le crochet woocommerce_cancel_unpaid_orders. Code d’erreur : could_not_set. Message d’erreur : La liste des évènements planifiés n’a pas pu être sauvegardée.. Données : {"schedule":false,"args":[]}
[02-Jan-2024 10:19:44 UTC] Erreur d’événement de replanification de tâche pour le crochet wp_privacy_delete_old_export_files. Code d’erreur : could_not_set. Message d’erreur : La liste des évènements planifiés n’a pas pu être sauvegardée.. Données : {"schedule":"hourly","args":[],"interval":3600}
[02-Jan-2024 10:19:44 UTC] Erreur d’événement de déplanification de tâche pour le crochet wp_privacy_delete_old_export_files. Code d’erreur : could_not_set. Message d’erreur : La liste des évènements planifiés n’a pas pu être sauvegardée.. Données : {"schedule":"hourly","args":[],"interval":3600}
[02-Jan-2024 10:19:44 UTC] Erreur d’événement de replanification de tâche pour le crochet jetpack_clean_nonces. Code d’erreur : could_not_set. Message d’erreur : La liste des évènements planifiés n’a pas pu être sauvegardée.. Données : {"schedule":"hourly","args":[],"interval":3600}
[02-Jan-2024 10:19:44 UTC] Erreur d’événement de déplanification de tâche pour le crochet jetpack_clean_nonces. Code d’erreur : could_not_set. Message d’erreur : La liste des évènements planifiés n’a pas pu être sauvegardée.. Données : {"schedule":"hourly","args":[],"interval":3600}
[02-Jan-2024 10:19:44 UTC] Erreur d’événement de replanification de tâche pour le crochet wc_admin_process_orders_milestone. Code d’erreur : could_not_set. Message d’erreur : La liste des évènements planifiés n’a pas pu être sauvegardée.. Données : {"schedule":"hourly","args":[],"interval":3600}
[02-Jan-2024 10:19:44 UTC] Erreur d’événement de déplanification de tâche pour le crochet wc_admin_process_orders_milestone. Code d’erreur : could_not_set. Message d’erreur : La liste des évènements planifiés n’a pas pu être sauvegardée.. Données : {"schedule":"hourly","args":[],"interval":3600}
[02-Jan-2024 10:19:44 UTC] Erreur d’événement de replanification de tâche pour le crochet wc_admin_unsnooze_admin_notes. Code d’erreur : could_not_set. Message d’erreur : La liste des évènements planifiés n’a pas pu être sauvegardée.. Données : {"schedule":"hourly","args":[],"interval":3600}
[02-Jan-2024 10:19:44 UTC] Erreur d’événement de déplanification de tâche pour le crochet wc_admin_unsnooze_admin_notes. Code d’erreur : could_not_set. Message d’erreur : La liste des évènements planifiés n’a pas pu être sauvegardée.. Données : {"schedule":"hourly","args":[],"interval":3600}
[02-Jan-2024 10:19:44 UTC] Erreur d’événement de replanification de tâche pour le crochet woocommerce_cleanup_sessions. Code d’erreur : could_not_set. Message d’erreur : La liste des évènements planifiés n’a pas pu être sauvegardée.. Données : {"schedule":"twicedaily","args":[],"interval":43200}
[02-Jan-2024 10:19:44 UTC] Erreur d’événement de déplanification de tâche pour le crochet woocommerce_cleanup_sessions. Code d’erreur : could_not_set. Message d’erreur : La liste des évènements planifiés n’a pas pu être sauvegardée.. Données : {"schedule":"twicedaily","args":[],"interval":43200}
[02-Jan-2024 10:19:44 UTC] Erreur d’événement de replanification de tâche pour le crochet wp_version_check. Code d’erreur : could_not_set. Message d’erreur : La liste des évènements planifiés n’a pas pu être sauvegardée.. Données : {"schedule":"twicedaily","args":[],"interval":43200}
[02-Jan-2024 10:19:44 UTC] Erreur d’événement de déplanification de tâche pour le crochet wp_version_check. Code d’erreur : could_not_set. Message d’erreur : La liste des évènements planifiés n’a pas pu être sauvegardée.. Données : {"schedule":"twicedaily","args":[],"interval":43200}
[02-Jan-2024 10:19:44 UTC] Erreur d’événement de replanification de tâche pour le crochet wp_update_plugins. Code d’erreur : could_not_set. Message d’erreur : La liste des évènements planifiés n’a pas pu être sauvegardée.. Données : {"schedule":"twicedaily","args":[],"interval":43200}
[02-Jan-2024 10:19:44 UTC] Erreur d’événement de déplanification de tâche pour le crochet wp_update_plugins. Code d’erreur : could_not_set. Message d’erreur : La liste des évènements planifiés n’a pas pu être sauvegardée.. Données : {"schedule":"twicedaily","args":[],"interval":43200}
[02-Jan-2024 10:19:46 UTC] Erreur d’événement de replanification de tâche pour le crochet wp_update_user_counts. Code d’erreur : could_not_set. Message d’erreur : La liste des évènements planifiés n’a pas pu être sauvegardée.. Données : {"schedule":"twicedaily","args":[],"interval":43200}
[02-Jan-2024 10:19:46 UTC] Erreur d’événement de déplanification de tâche pour le crochet wp_update_user_counts. Code d’erreur : could_not_set. Message d’erreur : La liste des évènements planifiés n’a pas pu être sauvegardée.. Données : {"schedule":"twicedaily","args":[],"interval":43200}
[02-Jan-2024 10:19:46 UTC] Erreur d’événement de replanification de tâche pour le crochet updraftplus_clean_temporary_files. Code d’erreur : could_not_set. Message d’erreur : La liste des évènements planifiés n’a pas pu être sauvegardée.. Données : {"schedule":"twicedaily","args":[],"interval":43200}
[02-Jan-2024 10:19:46 UTC] Erreur d’événement de déplanification de tâche pour le crochet updraftplus_clean_temporary_files. Code d’erreur : could_not_set. Message d’erreur : La liste des évènements planifiés n’a pas pu être sauvegardée.. Données : {"schedule":"twicedaily","args":[],"interval":43200}
[02-Jan-2024 10:19:46 UTC] Erreur d’événement de replanification de tâche pour le crochet secupress_cleanup_leftovers. Code d’erreur : could_not_set. Message d’erreur : La liste des évènements planifiés n’a pas pu être sauvegardée.. Données : {"schedule":"twicedaily","args":[],"interval":43200}
[02-Jan-2024 10:19:46 UTC] Erreur d’événement de déplanification de tâche pour le crochet secupress_cleanup_leftovers. Code d’erreur : could_not_set. Message d’erreur : La liste des évènements planifiés n’a pas pu être sauvegardée.. Données : {"schedule":"twicedaily","args":[],"interval":43200}
[02-Jan-2024 10:19:46 UTC] Erreur d’événement de replanification de tâche pour le crochet woocommerce_scheduled_sales. Code d’erreur : could_not_set. Message d’erreur : La liste des évènements planifiés n’a pas pu être sauvegardée.. Données : {"schedule":"daily","args":[],"interval":86400}
[02-Jan-2024 10:19:46 UTC] Erreur d’événement de déplanification de tâche pour le crochet woocommerce_scheduled_sales. Code d’erreur : could_not_set. Message d’erreur : La liste des évènements planifiés n’a pas pu être sauvegardée.. Données : {"schedule":"daily","args":[],"interval":86400}
[02-Jan-2024 10:19:46 UTC] Erreur d’événement de replanification de tâche pour le crochet wp_update_themes. Code d’erreur : could_not_set. Message d’erreur : La liste des évènements planifiés n’a pas pu être sauvegardée.. Données : {"schedule":"twicedaily","args":[],"interval":43200}
[02-Jan-2024 10:19:46 UTC] Erreur d’événement de déplanification de tâche pour le crochet wp_update_themes. Code d’erreur : could_not_set. Message d’erreur : La liste des évènements planifiés n’a pas pu être sauvegardée.. Données : {"schedule":"twicedaily","args":[],"interval":43200}
[02-Jan-2024 10:19:46 UTC] Erreur d’événement de replanification de tâche pour le crochet wp_site_health_scheduled_check. Code d’erreur : could_not_set. Message d’erreur : La liste des évènements planifiés n’a pas pu être sauvegardée.. Données : {"schedule":"weekly","args":[],"interval":604800}
[02-Jan-2024 10:19:46 UTC] Erreur d’événement de déplanification de tâche pour le crochet wp_site_health_scheduled_check. Code d’erreur : could_not_set. Message d’erreur : La liste des évènements planifiés n’a pas pu être sauvegardée.. Données : {"schedule":"weekly","args":[],"interval":604800}
[02-Jan-2024 10:20:07 UTC] PHP Warning:  dir(C:/Users/Migu-/Local Sites/laviedesplantes/app/public/wp-content/upgrade-temp-backup/plugins/): Le chemin d’accès spécifié est introuvab (code: 3) in C:\Users\Migu-\Local Sites\laviedesplantes\app\public\wp-admin\includes\class-wp-filesystem-direct.php on line 636
[02-Jan-2024 10:20:07 UTC] PHP Warning:  dir(C:/Users/Migu-/Local Sites/laviedesplantes/app/public/wp-content/upgrade-temp-backup/plugins/): Failed to open directory: No such file or directory in C:\Users\Migu-\Local Sites\laviedesplantes\app\public\wp-admin\includes\class-wp-filesystem-direct.php on line 636
[04-Jan-2024 05:13:41 UTC] Erreur d’événement de replanification de tâche pour le crochet jetpack_clean_nonces. Code d’erreur : could_not_set. Message d’erreur : La liste des évènements planifiés n’a pas pu être sauvegardée.. Données : {"schedule":"hourly","args":[],"interval":3600}
[04-Jan-2024 05:13:41 UTC] Erreur d’événement de déplanification de tâche pour le crochet jetpack_clean_nonces. Code d’erreur : could_not_set. Message d’erreur : La liste des évènements planifiés n’a pas pu être sauvegardée.. Données : {"schedule":"hourly","args":[],"interval":3600}
[04-Jan-2024 05:13:41 UTC] Erreur d’événement de replanification de tâche pour le crochet wc_admin_process_orders_milestone. Code d’erreur : could_not_set. Message d’erreur : La liste des évènements planifiés n’a pas pu être sauvegardée.. Données : {"schedule":"hourly","args":[],"interval":3600}
[04-Jan-2024 05:13:41 UTC] Erreur d’événement de déplanification de tâche pour le crochet wc_admin_process_orders_milestone. Code d’erreur : could_not_set. Message d’erreur : La liste des évènements planifiés n’a pas pu être sauvegardée.. Données : {"schedule":"hourly","args":[],"interval":3600}
[04-Jan-2024 05:13:41 UTC] Erreur d’événement de replanification de tâche pour le crochet wc_admin_unsnooze_admin_notes. Code d’erreur : could_not_set. Message d’erreur : La liste des évènements planifiés n’a pas pu être sauvegardée.. Données : {"schedule":"hourly","args":[],"interval":3600}
[04-Jan-2024 05:13:41 UTC] Erreur d’événement de déplanification de tâche pour le crochet wc_admin_unsnooze_admin_notes. Code d’erreur : could_not_set. Message d’erreur : La liste des évènements planifiés n’a pas pu être sauvegardée.. Données : {"schedule":"hourly","args":[],"interval":3600}
[04-Jan-2024 05:13:41 UTC] Erreur d’événement de déplanification de tâche pour le crochet woocommerce_cancel_unpaid_orders. Code d’erreur : could_not_set. Message d’erreur : La liste des évènements planifiés n’a pas pu être sauvegardée.. Données : {"schedule":false,"args":[]}
[04-Jan-2024 05:13:41 UTC] Erreur d’événement de replanification de tâche pour le crochet wp_privacy_delete_old_export_files. Code d’erreur : could_not_set. Message d’erreur : La liste des évènements planifiés n’a pas pu être sauvegardée.. Données : {"schedule":"hourly","args":[],"interval":3600}
[04-Jan-2024 05:13:41 UTC] Erreur d’événement de déplanification de tâche pour le crochet wp_privacy_delete_old_export_files. Code d’erreur : could_not_set. Message d’erreur : La liste des évènements planifiés n’a pas pu être sauvegardée.. Données : {"schedule":"hourly","args":[],"interval":3600}
[04-Jan-2024 05:13:41 UTC] Erreur d’événement de replanification de tâche pour le crochet wp_update_themes. Code d’erreur : could_not_set. Message d’erreur : La liste des évènements planifiés n’a pas pu être sauvegardée.. Données : {"schedule":"twicedaily","args":[],"interval":43200}
[04-Jan-2024 05:13:41 UTC] Erreur d’événement de déplanification de tâche pour le crochet wp_update_themes. Code d’erreur : could_not_set. Message d’erreur : La liste des évènements planifiés n’a pas pu être sauvegardée.. Données : {"schedule":"twicedaily","args":[],"interval":43200}
[04-Jan-2024 05:13:41 UTC] Erreur d’événement de replanification de tâche pour le crochet woocommerce_cleanup_logs. Code d’erreur : could_not_set. Message d’erreur : La liste des évènements planifiés n’a pas pu être sauvegardée.. Données : {"schedule":"daily","args":[],"interval":86400}
[04-Jan-2024 05:13:41 UTC] Erreur d’événement de déplanification de tâche pour le crochet woocommerce_cleanup_logs. Code d’erreur : could_not_set. Message d’erreur : La liste des évènements planifiés n’a pas pu être sauvegardée.. Données : {"schedule":"daily","args":[],"interval":86400}
[04-Jan-2024 05:13:41 UTC] Erreur d’événement de replanification de tâche pour le crochet woocommerce_cleanup_rate_limits. Code d’erreur : could_not_set. Message d’erreur : La liste des évènements planifiés n’a pas pu être sauvegardée.. Données : {"schedule":"daily","args":[],"interval":86400}
[04-Jan-2024 05:13:41 UTC] Erreur d’événement de déplanification de tâche pour le crochet woocommerce_cleanup_rate_limits. Code d’erreur : could_not_set. Message d’erreur : La liste des évènements planifiés n’a pas pu être sauvegardée.. Données : {"schedule":"daily","args":[],"interval":86400}
[04-Jan-2024 05:13:41 UTC] Erreur d’événement de replanification de tâche pour le crochet woocommerce_cleanup_sessions. Code d’erreur : could_not_set. Message d’erreur : La liste des évènements planifiés n’a pas pu être sauvegardée.. Données : {"schedule":"twicedaily","args":[],"interval":43200}
[04-Jan-2024 05:13:41 UTC] Erreur d’événement de déplanification de tâche pour le crochet woocommerce_cleanup_sessions. Code d’erreur : could_not_set. Message d’erreur : La liste des évènements planifiés n’a pas pu être sauvegardée.. Données : {"schedule":"twicedaily","args":[],"interval":43200}
[04-Jan-2024 05:13:41 UTC] Erreur d’événement de replanification de tâche pour le crochet wp_version_check. Code d’erreur : could_not_set. Message d’erreur : La liste des évènements planifiés n’a pas pu être sauvegardée.. Données : {"schedule":"twicedaily","args":[],"interval":43200}
[04-Jan-2024 05:13:41 UTC] Erreur d’événement de déplanification de tâche pour le crochet wp_version_check. Code d’erreur : could_not_set. Message d’erreur : La liste des évènements planifiés n’a pas pu être sauvegardée.. Données : {"schedule":"twicedaily","args":[],"interval":43200}
[04-Jan-2024 05:13:41 UTC] Erreur d’événement de replanification de tâche pour le crochet wp_update_plugins. Code d’erreur : could_not_set. Message d’erreur : La liste des évènements planifiés n’a pas pu être sauvegardée.. Données : {"schedule":"twicedaily","args":[],"interval":43200}
[04-Jan-2024 05:13:41 UTC] Erreur d’événement de déplanification de tâche pour le crochet wp_update_plugins. Code d’erreur : could_not_set. Message d’erreur : La liste des évènements planifiés n’a pas pu être sauvegardée.. Données : {"schedule":"twicedaily","args":[],"interval":43200}
[04-Jan-2024 05:13:42 UTC] Erreur d’événement de replanification de tâche pour le crochet wp_update_user_counts. Code d’erreur : could_not_set. Message d’erreur : La liste des évènements planifiés n’a pas pu être sauvegardée.. Données : {"schedule":"twicedaily","args":[],"interval":43200}
[04-Jan-2024 05:13:42 UTC] Erreur d’événement de déplanification de tâche pour le crochet wp_update_user_counts. Code d’erreur : could_not_set. Message d’erreur : La liste des évènements planifiés n’a pas pu être sauvegardée.. Données : {"schedule":"twicedaily","args":[],"interval":43200}
[04-Jan-2024 05:13:42 UTC] Erreur d’événement de replanification de tâche pour le crochet updraftplus_clean_temporary_files. Code d’erreur : could_not_set. Message d’erreur : La liste des évènements planifiés n’a pas pu être sauvegardée.. Données : {"schedule":"twicedaily","args":[],"interval":43200}
[04-Jan-2024 05:13:42 UTC] Erreur d’événement de déplanification de tâche pour le crochet updraftplus_clean_temporary_files. Code d’erreur : could_not_set. Message d’erreur : La liste des évènements planifiés n’a pas pu être sauvegardée.. Données : {"schedule":"twicedaily","args":[],"interval":43200}
[04-Jan-2024 05:13:42 UTC] Erreur d’événement de replanification de tâche pour le crochet secupress_cleanup_leftovers. Code d’erreur : could_not_set. Message d’erreur : La liste des évènements planifiés n’a pas pu être sauvegardée.. Données : {"schedule":"twicedaily","args":[],"interval":43200}
[04-Jan-2024 05:13:42 UTC] Erreur d’événement de déplanification de tâche pour le crochet secupress_cleanup_leftovers. Code d’erreur : could_not_set. Message d’erreur : La liste des évènements planifiés n’a pas pu être sauvegardée.. Données : {"schedule":"twicedaily","args":[],"interval":43200}
[04-Jan-2024 05:13:42 UTC] Erreur d’événement de replanification de tâche pour le crochet woocommerce_scheduled_sales. Code d’erreur : could_not_set. Message d’erreur : La liste des évènements planifiés n’a pas pu être sauvegardée.. Données : {"schedule":"daily","args":[],"interval":86400}
[04-Jan-2024 05:13:42 UTC] Erreur d’événement de déplanification de tâche pour le crochet woocommerce_scheduled_sales. Code d’erreur : could_not_set. Message d’erreur : La liste des évènements planifiés n’a pas pu être sauvegardée.. Données : {"schedule":"daily","args":[],"interval":86400}
[04-Jan-2024 05:13:42 UTC] Erreur d’événement de replanification de tâche pour le crochet wp_site_health_scheduled_check. Code d’erreur : could_not_set. Message d’erreur : La liste des évènements planifiés n’a pas pu être sauvegardée.. Données : {"schedule":"weekly","args":[],"interval":604800}
[04-Jan-2024 05:13:42 UTC] Erreur d’événement de déplanification de tâche pour le crochet wp_site_health_scheduled_check. Code d’erreur : could_not_set. Message d’erreur : La liste des évènements planifiés n’a pas pu être sauvegardée.. Données : {"schedule":"weekly","args":[],"interval":604800}
[04-Jan-2024 05:32:02 UTC] PHP Warning:  Undefined array key "plugins" in C:\Users\Migu-\Local Sites\laviedesplantes\app\public\wp-content\plugins\woocommerce\packages\woocommerce-blocks\src\BlockPatterns.php on line 254
[04-Jan-2024 05:32:02 UTC] PHP Warning:  foreach() argument must be of type array|object, null given in C:\Users\Migu-\Local Sites\laviedesplantes\app\public\wp-content\plugins\woocommerce\packages\woocommerce-blocks\src\BlockPatterns.php on line 254
[04-Jan-2024 05:56:37 UTC] Erreur d’événement de replanification de tâche pour le crochet elementor_1_elementor_updater_cron. Code d’erreur : invalid_schedule. Message d’erreur : L’évènement planifié n’existe pas.. Données : {"schedule":"elementor_1_elementor_updater_cron_interval","args":[],"interval":300}
[04-Jan-2024 06:14:51 UTC] PHP Warning:  file_get_contents(C:\Users\Migu-\Local Sites\laviedesplantes\app\public/wp-content/plugins/): Failed to open stream: No such file or directory in C:\Users\Migu-\Local Sites\laviedesplantes\app\public\wp-includes\functions.php on line 6805
[04-Jan-2024 06:14:54 UTC] PHP Warning:  file_get_contents(C:\Users\Migu-\Local Sites\laviedesplantes\app\public/wp-content/plugins/): Failed to open stream: No such file or directory in C:\Users\Migu-\Local Sites\laviedesplantes\app\public\wp-includes\functions.php on line 6805
[04-Jan-2024 06:15:02 UTC] PHP Warning:  file_get_contents(C:\Users\Migu-\Local Sites\laviedesplantes\app\public/wp-content/plugins/): Failed to open stream: No such file or directory in C:\Users\Migu-\Local Sites\laviedesplantes\app\public\wp-includes\functions.php on line 6805
[04-Jan-2024 06:15:04 UTC] PHP Warning:  file_get_contents(C:\Users\Migu-\Local Sites\laviedesplantes\app\public/wp-content/plugins/): Failed to open stream: No such file or directory in C:\Users\Migu-\Local Sites\laviedesplantes\app\public\wp-includes\functions.php on line 6805
[04-Jan-2024 06:15:07 UTC] PHP Warning:  file_get_contents(C:\Users\Migu-\Local Sites\laviedesplantes\app\public/wp-content/plugins/): Failed to open stream: No such file or directory in C:\Users\Migu-\Local Sites\laviedesplantes\app\public\wp-includes\functions.php on line 6805
[04-Jan-2024 06:15:07 UTC] PHP Warning:  file_get_contents(C:\Users\Migu-\Local Sites\laviedesplantes\app\public/wp-content/plugins/): Failed to open stream: No such file or directory in C:\Users\Migu-\Local Sites\laviedesplantes\app\public\wp-includes\functions.php on line 6805
[04-Jan-2024 06:15:08 UTC] PHP Warning:  file_get_contents(C:\Users\Migu-\Local Sites\laviedesplantes\app\public/wp-content/plugins/): Failed to open stream: No such file or directory in C:\Users\Migu-\Local Sites\laviedesplantes\app\public\wp-includes\functions.php on line 6805
[04-Jan-2024 06:15:14 UTC] PHP Warning:  file_get_contents(C:\Users\Migu-\Local Sites\laviedesplantes\app\public/wp-content/plugins/): Failed to open stream: No such file or directory in C:\Users\Migu-\Local Sites\laviedesplantes\app\public\wp-includes\functions.php on line 6805
[04-Jan-2024 06:15:14 UTC] PHP Warning:  file_get_contents(C:\Users\Migu-\Local Sites\laviedesplantes\app\public/wp-content/plugins/): Failed to open stream: No such file or directory in C:\Users\Migu-\Local Sites\laviedesplantes\app\public\wp-includes\functions.php on line 6805
[04-Jan-2024 06:15:16 UTC] PHP Warning:  file_get_contents(C:\Users\Migu-\Local Sites\laviedesplantes\app\public/wp-content/plugins/): Failed to open stream: No such file or directory in C:\Users\Migu-\Local Sites\laviedesplantes\app\public\wp-includes\functions.php on line 6805
[04-Jan-2024 06:15:18 UTC] PHP Warning:  file_get_contents(C:\Users\Migu-\Local Sites\laviedesplantes\app\public/wp-content/plugins/): Failed to open stream: No such file or directory in C:\Users\Migu-\Local Sites\laviedesplantes\app\public\wp-includes\functions.php on line 6805
[04-Jan-2024 06:16:20 UTC] PHP Warning:  file_get_contents(C:\Users\Migu-\Local Sites\laviedesplantes\app\public/wp-content/plugins/): Failed to open stream: No such file or directory in C:\Users\Migu-\Local Sites\laviedesplantes\app\public\wp-includes\functions.php on line 6805
[04-Jan-2024 06:17:20 UTC] PHP Warning:  file_get_contents(C:\Users\Migu-\Local Sites\laviedesplantes\app\public/wp-content/plugins/): Failed to open stream: No such file or directory in C:\Users\Migu-\Local Sites\laviedesplantes\app\public\wp-includes\functions.php on line 6805
[04-Jan-2024 06:17:21 UTC] PHP Warning:  file_get_contents(C:\Users\Migu-\Local Sites\laviedesplantes\app\public/wp-content/plugins/): Failed to open stream: No such file or directory in C:\Users\Migu-\Local Sites\laviedesplantes\app\public\wp-includes\functions.php on line 6805
[04-Jan-2024 06:17:24 UTC] PHP Warning:  file_get_contents(C:\Users\Migu-\Local Sites\laviedesplantes\app\public/wp-content/plugins/): Failed to open stream: No such file or directory in C:\Users\Migu-\Local Sites\laviedesplantes\app\public\wp-includes\functions.php on line 6805
[04-Jan-2024 06:17:27 UTC] PHP Warning:  file_get_contents(C:\Users\Migu-\Local Sites\laviedesplantes\app\public/wp-content/plugins/): Failed to open stream: No such file or directory in C:\Users\Migu-\Local Sites\laviedesplantes\app\public\wp-includes\functions.php on line 6805
[04-Jan-2024 06:17:30 UTC] PHP Warning:  file_get_contents(C:\Users\Migu-\Local Sites\laviedesplantes\app\public/wp-content/plugins/): Failed to open stream: No such file or directory in C:\Users\Migu-\Local Sites\laviedesplantes\app\public\wp-includes\functions.php on line 6805
[04-Jan-2024 06:17:51 UTC] PHP Warning:  file_get_contents(C:\Users\Migu-\Local Sites\laviedesplantes\app\public/wp-content/plugins/): Failed to open stream: No such file or directory in C:\Users\Migu-\Local Sites\laviedesplantes\app\public\wp-includes\functions.php on line 6805
[04-Jan-2024 06:17:54 UTC] PHP Warning:  file_get_contents(C:\Users\Migu-\Local Sites\laviedesplantes\app\public/wp-content/plugins/): Failed to open stream: No such file or directory in C:\Users\Migu-\Local Sites\laviedesplantes\app\public\wp-includes\functions.php on line 6805
[04-Jan-2024 06:17:56 UTC] PHP Warning:  file_get_contents(C:\Users\Migu-\Local Sites\laviedesplantes\app\public/wp-content/plugins/): Failed to open stream: No such file or directory in C:\Users\Migu-\Local Sites\laviedesplantes\app\public\wp-includes\functions.php on line 6805
[04-Jan-2024 06:18:01 UTC] PHP Warning:  file_get_contents(C:\Users\Migu-\Local Sites\laviedesplantes\app\public/wp-content/plugins/): Failed to open stream: No such file or directory in C:\Users\Migu-\Local Sites\laviedesplantes\app\public\wp-includes\functions.php on line 6805
[04-Jan-2024 06:18:06 UTC] PHP Warning:  file_get_contents(C:\Users\Migu-\Local Sites\laviedesplantes\app\public/wp-content/plugins/): Failed to open stream: No such file or directory in C:\Users\Migu-\Local Sites\laviedesplantes\app\public\wp-includes\functions.php on line 6805
[04-Jan-2024 06:18:07 UTC] PHP Warning:  file_get_contents(C:\Users\Migu-\Local Sites\laviedesplantes\app\public/wp-content/plugins/): Failed to open stream: No such file or directory in C:\Users\Migu-\Local Sites\laviedesplantes\app\public\wp-includes\functions.php on line 6805
[04-Jan-2024 06:18:07 UTC] PHP Warning:  file_get_contents(C:\Users\Migu-\Local Sites\laviedesplantes\app\public/wp-content/plugins/): Failed to open stream: No such file or directory in C:\Users\Migu-\Local Sites\laviedesplantes\app\public\wp-includes\functions.php on line 6805
[04-Jan-2024 06:18:12 UTC] PHP Warning:  file_get_contents(C:\Users\Migu-\Local Sites\laviedesplantes\app\public/wp-content/plugins/): Failed to open stream: No such file or directory in C:\Users\Migu-\Local Sites\laviedesplantes\app\public\wp-includes\functions.php on line 6805
[04-Jan-2024 06:18:14 UTC] PHP Warning:  file_get_contents(C:\Users\Migu-\Local Sites\laviedesplantes\app\public/wp-content/plugins/): Failed to open stream: No such file or directory in C:\Users\Migu-\Local Sites\laviedesplantes\app\public\wp-includes\functions.php on line 6805
[04-Jan-2024 06:18:55 UTC] PHP Warning:  file_get_contents(C:\Users\Migu-\Local Sites\laviedesplantes\app\public/wp-content/plugins/): Failed to open stream: No such file or directory in C:\Users\Migu-\Local Sites\laviedesplantes\app\public\wp-includes\functions.php on line 6805
[04-Jan-2024 06:19:03 UTC] PHP Warning:  file_get_contents(C:\Users\Migu-\Local Sites\laviedesplantes\app\public/wp-content/plugins/): Failed to open stream: No such file or directory in C:\Users\Migu-\Local Sites\laviedesplantes\app\public\wp-includes\functions.php on line 6805
[04-Jan-2024 06:19:19 UTC] PHP Warning:  file_get_contents(C:\Users\Migu-\Local Sites\laviedesplantes\app\public/wp-content/plugins/): Failed to open stream: No such file or directory in C:\Users\Migu-\Local Sites\laviedesplantes\app\public\wp-includes\functions.php on line 6805
[04-Jan-2024 06:19:23 UTC] PHP Warning:  file_get_contents(C:\Users\Migu-\Local Sites\laviedesplantes\app\public/wp-content/plugins/): Failed to open stream: No such file or directory in C:\Users\Migu-\Local Sites\laviedesplantes\app\public\wp-includes\functions.php on line 6805
[04-Jan-2024 06:20:10 UTC] PHP Warning:  file_get_contents(C:\Users\Migu-\Local Sites\laviedesplantes\app\public/wp-content/plugins/): Failed to open stream: No such file or directory in C:\Users\Migu-\Local Sites\laviedesplantes\app\public\wp-includes\functions.php on line 6805
[04-Jan-2024 06:20:22 UTC] PHP Warning:  file_get_contents(C:\Users\Migu-\Local Sites\laviedesplantes\app\public/wp-content/plugins/): Failed to open stream: No such file or directory in C:\Users\Migu-\Local Sites\laviedesplantes\app\public\wp-includes\functions.php on line 6805
[04-Jan-2024 06:20:51 UTC] PHP Warning:  file_get_contents(C:\Users\Migu-\Local Sites\laviedesplantes\app\public/wp-content/plugins/): Failed to open stream: No such file or directory in C:\Users\Migu-\Local Sites\laviedesplantes\app\public\wp-includes\functions.php on line 6805
[04-Jan-2024 06:20:59 UTC] PHP Warning:  file_get_contents(C:\Users\Migu-\Local Sites\laviedesplantes\app\public/wp-content/plugins/): Failed to open stream: No such file or directory in C:\Users\Migu-\Local Sites\laviedesplantes\app\public\wp-includes\functions.php on line 6805
[04-Jan-2024 06:21:22 UTC] PHP Warning:  file_get_contents(C:\Users\Migu-\Local Sites\laviedesplantes\app\public/wp-content/plugins/): Failed to open stream: No such file or directory in C:\Users\Migu-\Local Sites\laviedesplantes\app\public\wp-includes\functions.php on line 6805
[04-Jan-2024 06:22:23 UTC] PHP Warning:  file_get_contents(C:\Users\Migu-\Local Sites\laviedesplantes\app\public/wp-content/plugins/): Failed to open stream: No such file or directory in C:\Users\Migu-\Local Sites\laviedesplantes\app\public\wp-includes\functions.php on line 6805
[04-Jan-2024 06:22:39 UTC] PHP Warning:  file_get_contents(C:\Users\Migu-\Local Sites\laviedesplantes\app\public/wp-content/plugins/): Failed to open stream: No such file or directory in C:\Users\Migu-\Local Sites\laviedesplantes\app\public\wp-includes\functions.php on line 6805
[04-Jan-2024 06:24:47 UTC] PHP Warning:  file_get_contents(C:\Users\Migu-\Local Sites\laviedesplantes\app\public/wp-content/plugins/): Failed to open stream: No such file or directory in C:\Users\Migu-\Local Sites\laviedesplantes\app\public\wp-includes\functions.php on line 6805
[04-Jan-2024 06:24:50 UTC] PHP Warning:  file_get_contents(C:\Users\Migu-\Local Sites\laviedesplantes\app\public/wp-content/plugins/): Failed to open stream: No such file or directory in C:\Users\Migu-\Local Sites\laviedesplantes\app\public\wp-includes\functions.php on line 6805
[04-Jan-2024 06:24:56 UTC] PHP Warning:  file_get_contents(C:\Users\Migu-\Local Sites\laviedesplantes\app\public/wp-content/plugins/): Failed to open stream: No such file or directory in C:\Users\Migu-\Local Sites\laviedesplantes\app\public\wp-includes\functions.php on line 6805
[04-Jan-2024 06:25:22 UTC] PHP Warning:  file_get_contents(C:\Users\Migu-\Local Sites\laviedesplantes\app\public/wp-content/plugins/): Failed to open stream: No such file or directory in C:\Users\Migu-\Local Sites\laviedesplantes\app\public\wp-includes\functions.php on line 6805
[04-Jan-2024 06:26:23 UTC] PHP Warning:  file_get_contents(C:\Users\Migu-\Local Sites\laviedesplantes\app\public/wp-content/plugins/): Failed to open stream: No such file or directory in C:\Users\Migu-\Local Sites\laviedesplantes\app\public\wp-includes\functions.php on line 6805
[04-Jan-2024 06:27:24 UTC] PHP Warning:  file_get_contents(C:\Users\Migu-\Local Sites\laviedesplantes\app\public/wp-content/plugins/): Failed to open stream: No such file or directory in C:\Users\Migu-\Local Sites\laviedesplantes\app\public\wp-includes\functions.php on line 6805
[04-Jan-2024 06:28:01 UTC] PHP Warning:  file_get_contents(C:\Users\Migu-\Local Sites\laviedesplantes\app\public/wp-content/plugins/): Failed to open stream: No such file or directory in C:\Users\Migu-\Local Sites\laviedesplantes\app\public\wp-includes\functions.php on line 6805
[04-Jan-2024 06:28:01 UTC] PHP Warning:  file_get_contents(C:\Users\Migu-\Local Sites\laviedesplantes\app\public/wp-content/plugins/): Failed to open stream: No such file or directory in C:\Users\Migu-\Local Sites\laviedesplantes\app\public\wp-includes\functions.php on line 6805
[04-Jan-2024 06:28:03 UTC] PHP Warning:  file_get_contents(C:\Users\Migu-\Local Sites\laviedesplantes\app\public/wp-content/plugins/): Failed to open stream: No such file or directory in C:\Users\Migu-\Local Sites\laviedesplantes\app\public\wp-includes\functions.php on line 6805
[04-Jan-2024 06:28:07 UTC] PHP Warning:  file_get_contents(C:\Users\Migu-\Local Sites\laviedesplantes\app\public/wp-content/plugins/): Failed to open stream: No such file or directory in C:\Users\Migu-\Local Sites\laviedesplantes\app\public\wp-includes\functions.php on line 6805
[04-Jan-2024 06:28:07 UTC] PHP Warning:  file_get_contents(C:\Users\Migu-\Local Sites\laviedesplantes\app\public/wp-content/plugins/): Failed to open stream: No such file or directory in C:\Users\Migu-\Local Sites\laviedesplantes\app\public\wp-includes\functions.php on line 6805
[04-Jan-2024 06:28:09 UTC] PHP Warning:  file_get_contents(C:\Users\Migu-\Local Sites\laviedesplantes\app\public/wp-content/plugins/): Failed to open stream: No such file or directory in C:\Users\Migu-\Local Sites\laviedesplantes\app\public\wp-includes\functions.php on line 6805
[04-Jan-2024 06:28:11 UTC] PHP Warning:  file_get_contents(C:\Users\Migu-\Local Sites\laviedesplantes\app\public/wp-content/plugins/): Failed to open stream: No such file or directory in C:\Users\Migu-\Local Sites\laviedesplantes\app\public\wp-includes\functions.php on line 6805
[04-Jan-2024 06:29:00 UTC] PHP Warning:  file_get_contents(C:\Users\Migu-\Local Sites\laviedesplantes\app\public/wp-content/plugins/): Failed to open stream: No such file or directory in C:\Users\Migu-\Local Sites\laviedesplantes\app\public\wp-includes\functions.php on line 6805
[04-Jan-2024 06:29:02 UTC] PHP Warning:  file_get_contents(C:\Users\Migu-\Local Sites\laviedesplantes\app\public/wp-content/plugins/): Failed to open stream: No such file or directory in C:\Users\Migu-\Local Sites\laviedesplantes\app\public\wp-includes\functions.php on line 6805
[04-Jan-2024 06:29:07 UTC] PHP Warning:  file_get_contents(C:\Users\Migu-\Local Sites\laviedesplantes\app\public/wp-content/plugins/): Failed to open stream: No such file or directory in C:\Users\Migu-\Local Sites\laviedesplantes\app\public\wp-includes\functions.php on line 6805
[04-Jan-2024 06:29:08 UTC] PHP Warning:  file_get_contents(C:\Users\Migu-\Local Sites\laviedesplantes\app\public/wp-content/plugins/): Failed to open stream: No such file or directory in C:\Users\Migu-\Local Sites\laviedesplantes\app\public\wp-includes\functions.php on line 6805
[04-Jan-2024 06:29:44 UTC] PHP Warning:  file_get_contents(C:\Users\Migu-\Local Sites\laviedesplantes\app\public/wp-content/plugins/): Failed to open stream: No such file or directory in C:\Users\Migu-\Local Sites\laviedesplantes\app\public\wp-includes\functions.php on line 6805
[04-Jan-2024 06:29:46 UTC] PHP Warning:  file_get_contents(C:\Users\Migu-\Local Sites\laviedesplantes\app\public/wp-content/plugins/): Failed to open stream: No such file or directory in C:\Users\Migu-\Local Sites\laviedesplantes\app\public\wp-includes\functions.php on line 6805
[04-Jan-2024 06:30:25 UTC] PHP Warning:  file_get_contents(C:\Users\Migu-\Local Sites\laviedesplantes\app\public/wp-content/plugins/): Failed to open stream: No such file or directory in C:\Users\Migu-\Local Sites\laviedesplantes\app\public\wp-includes\functions.php on line 6805
[04-Jan-2024 06:30:30 UTC] PHP Warning:  file_get_contents(C:\Users\Migu-\Local Sites\laviedesplantes\app\public/wp-content/plugins/): Failed to open stream: No such file or directory in C:\Users\Migu-\Local Sites\laviedesplantes\app\public\wp-includes\functions.php on line 6805
[04-Jan-2024 06:30:34 UTC] PHP Warning:  file_get_contents(C:\Users\Migu-\Local Sites\laviedesplantes\app\public/wp-content/plugins/): Failed to open stream: No such file or directory in C:\Users\Migu-\Local Sites\laviedesplantes\app\public\wp-includes\functions.php on line 6805
[04-Jan-2024 06:31:10 UTC] PHP Warning:  file_get_contents(C:\Users\Migu-\Local Sites\laviedesplantes\app\public/wp-content/plugins/): Failed to open stream: No such file or directory in C:\Users\Migu-\Local Sites\laviedesplantes\app\public\wp-includes\functions.php on line 6805
[04-Jan-2024 06:31:46 UTC] PHP Warning:  file_get_contents(C:\Users\Migu-\Local Sites\laviedesplantes\app\public/wp-content/plugins/): Failed to open stream: No such file or directory in C:\Users\Migu-\Local Sites\laviedesplantes\app\public\wp-includes\functions.php on line 6805
[04-Jan-2024 06:31:59 UTC] PHP Warning:  file_get_contents(C:\Users\Migu-\Local Sites\laviedesplantes\app\public/wp-content/plugins/): Failed to open stream: No such file or directory in C:\Users\Migu-\Local Sites\laviedesplantes\app\public\wp-includes\functions.php on line 6805
[04-Jan-2024 06:32:00 UTC] PHP Warning:  file_get_contents(C:\Users\Migu-\Local Sites\laviedesplantes\app\public/wp-content/plugins/): Failed to open stream: No such file or directory in C:\Users\Migu-\Local Sites\laviedesplantes\app\public\wp-includes\functions.php on line 6805
[04-Jan-2024 06:32:02 UTC] PHP Warning:  file_get_contents(C:\Users\Migu-\Local Sites\laviedesplantes\app\public/wp-content/plugins/): Failed to open stream: No such file or directory in C:\Users\Migu-\Local Sites\laviedesplantes\app\public\wp-includes\functions.php on line 6805
[04-Jan-2024 06:33:03 UTC] PHP Warning:  file_get_contents(C:\Users\Migu-\Local Sites\laviedesplantes\app\public/wp-content/plugins/): Failed to open stream: No such file or directory in C:\Users\Migu-\Local Sites\laviedesplantes\app\public\wp-includes\functions.php on line 6805
[04-Jan-2024 06:33:06 UTC] PHP Warning:  file_get_contents(C:\Users\Migu-\Local Sites\laviedesplantes\app\public/wp-content/plugins/): Failed to open stream: No such file or directory in C:\Users\Migu-\Local Sites\laviedesplantes\app\public\wp-includes\functions.php on line 6805
[04-Jan-2024 06:33:20 UTC] PHP Warning:  file_get_contents(C:\Users\Migu-\Local Sites\laviedesplantes\app\public/wp-content/plugins/): Failed to open stream: No such file or directory in C:\Users\Migu-\Local Sites\laviedesplantes\app\public\wp-includes\functions.php on line 6805
[04-Jan-2024 06:33:38 UTC] PHP Warning:  file_get_contents(C:\Users\Migu-\Local Sites\laviedesplantes\app\public/wp-content/plugins/): Failed to open stream: No such file or directory in C:\Users\Migu-\Local Sites\laviedesplantes\app\public\wp-includes\functions.php on line 6805
[04-Jan-2024 06:34:21 UTC] PHP Warning:  file_get_contents(C:\Users\Migu-\Local Sites\laviedesplantes\app\public/wp-content/plugins/): Failed to open stream: No such file or directory in C:\Users\Migu-\Local Sites\laviedesplantes\app\public\wp-includes\functions.php on line 6805
[04-Jan-2024 06:34:21 UTC] PHP Warning:  file_get_contents(C:\Users\Migu-\Local Sites\laviedesplantes\app\public/wp-content/plugins/): Failed to open stream: No such file or directory in C:\Users\Migu-\Local Sites\laviedesplantes\app\public\wp-includes\functions.php on line 6805
[04-Jan-2024 06:34:21 UTC] PHP Warning:  file_get_contents(C:\Users\Migu-\Local Sites\laviedesplantes\app\public/wp-content/plugins/): Failed to open stream: No such file or directory in C:\Users\Migu-\Local Sites\laviedesplantes\app\public\wp-includes\functions.php on line 6805
[04-Jan-2024 06:34:23 UTC] PHP Warning:  file_get_contents(C:\Users\Migu-\Local Sites\laviedesplantes\app\public/wp-content/plugins/): Failed to open stream: No such file or directory in C:\Users\Migu-\Local Sites\laviedesplantes\app\public\wp-includes\functions.php on line 6805
[04-Jan-2024 06:34:25 UTC] PHP Warning:  file_get_contents(C:\Users\Migu-\Local Sites\laviedesplantes\app\public/wp-content/plugins/): Failed to open stream: No such file or directory in C:\Users\Migu-\Local Sites\laviedesplantes\app\public\wp-includes\functions.php on line 6805
[04-Jan-2024 06:35:09 UTC] PHP Warning:  file_get_contents(C:\Users\Migu-\Local Sites\laviedesplantes\app\public/wp-content/plugins/): Failed to open stream: No such file or directory in C:\Users\Migu-\Local Sites\laviedesplantes\app\public\wp-includes\functions.php on line 6805
[04-Jan-2024 06:36:16 UTC] PHP Warning:  file_get_contents(C:\Users\Migu-\Local Sites\laviedesplantes\app\public/wp-content/plugins/): Failed to open stream: No such file or directory in C:\Users\Migu-\Local Sites\laviedesplantes\app\public\wp-includes\functions.php on line 6805
[04-Jan-2024 06:36:19 UTC] PHP Warning:  file_get_contents(C:\Users\Migu-\Local Sites\laviedesplantes\app\public/wp-content/plugins/): Failed to open stream: No such file or directory in C:\Users\Migu-\Local Sites\laviedesplantes\app\public\wp-includes\functions.php on line 6805
[04-Jan-2024 06:36:24 UTC] PHP Warning:  file_get_contents(C:\Users\Migu-\Local Sites\laviedesplantes\app\public/wp-content/plugins/): Failed to open stream: No such file or directory in C:\Users\Migu-\Local Sites\laviedesplantes\app\public\wp-includes\functions.php on line 6805
[04-Jan-2024 06:36:29 UTC] PHP Warning:  file_get_contents(C:\Users\Migu-\Local Sites\laviedesplantes\app\public/wp-content/plugins/): Failed to open stream: No such file or directory in C:\Users\Migu-\Local Sites\laviedesplantes\app\public\wp-includes\functions.php on line 6805
[04-Jan-2024 06:36:35 UTC] PHP Warning:  file_get_contents(C:\Users\Migu-\Local Sites\laviedesplantes\app\public/wp-content/plugins/): Failed to open stream: No such file or directory in C:\Users\Migu-\Local Sites\laviedesplantes\app\public\wp-includes\functions.php on line 6805
[04-Jan-2024 06:37:35 UTC] PHP Warning:  file_get_contents(C:\Users\Migu-\Local Sites\laviedesplantes\app\public/wp-content/plugins/): Failed to open stream: No such file or directory in C:\Users\Migu-\Local Sites\laviedesplantes\app\public\wp-includes\functions.php on line 6805
[04-Jan-2024 06:41:59 UTC] PHP Warning:  file_get_contents(C:\Users\Migu-\Local Sites\laviedesplantes\app\public/wp-content/plugins/): Failed to open stream: No such file or directory in C:\Users\Migu-\Local Sites\laviedesplantes\app\public\wp-includes\functions.php on line 6805
[04-Jan-2024 06:42:20 UTC] PHP Warning:  file_get_contents(C:\Users\Migu-\Local Sites\laviedesplantes\app\public/wp-content/plugins/): Failed to open stream: No such file or directory in C:\Users\Migu-\Local Sites\laviedesplantes\app\public\wp-includes\functions.php on line 6805
[04-Jan-2024 06:42:28 UTC] PHP Warning:  file_get_contents(C:\Users\Migu-\Local Sites\laviedesplantes\app\public/wp-content/plugins/): Failed to open stream: No such file or directory in C:\Users\Migu-\Local Sites\laviedesplantes\app\public\wp-includes\functions.php on line 6805
[04-Jan-2024 06:43:05 UTC] PHP Warning:  file_get_contents(C:\Users\Migu-\Local Sites\laviedesplantes\app\public/wp-content/plugins/): Failed to open stream: No such file or directory in C:\Users\Migu-\Local Sites\laviedesplantes\app\public\wp-includes\functions.php on line 6805
[04-Jan-2024 06:46:11 UTC] PHP Warning:  file_get_contents(C:\Users\Migu-\Local Sites\laviedesplantes\app\public/wp-content/plugins/): Failed to open stream: No such file or directory in C:\Users\Migu-\Local Sites\laviedesplantes\app\public\wp-includes\functions.php on line 6805
[04-Jan-2024 06:46:15 UTC] PHP Warning:  file_get_contents(C:\Users\Migu-\Local Sites\laviedesplantes\app\public/wp-content/plugins/): Failed to open stream: No such file or directory in C:\Users\Migu-\Local Sites\laviedesplantes\app\public\wp-includes\functions.php on line 6805
[04-Jan-2024 06:46:18 UTC] PHP Warning:  file_get_contents(C:\Users\Migu-\Local Sites\laviedesplantes\app\public/wp-content/plugins/): Failed to open stream: No such file or directory in C:\Users\Migu-\Local Sites\laviedesplantes\app\public\wp-includes\functions.php on line 6805
[04-Jan-2024 06:57:35 UTC] PHP Warning:  file_get_contents(C:\Users\Migu-\Local Sites\laviedesplantes\app\public/wp-content/plugins/): Failed to open stream: No such file or directory in C:\Users\Migu-\Local Sites\laviedesplantes\app\public\wp-includes\functions.php on line 6805
[04-Jan-2024 06:57:40 UTC] PHP Warning:  file_get_contents(C:\Users\Migu-\Local Sites\laviedesplantes\app\public/wp-content/plugins/): Failed to open stream: No such file or directory in C:\Users\Migu-\Local Sites\laviedesplantes\app\public\wp-includes\functions.php on line 6805
[04-Jan-2024 06:57:50 UTC] PHP Warning:  file_get_contents(C:\Users\Migu-\Local Sites\laviedesplantes\app\public/wp-content/plugins/): Failed to open stream: No such file or directory in C:\Users\Migu-\Local Sites\laviedesplantes\app\public\wp-includes\functions.php on line 6805
[04-Jan-2024 06:58:15 UTC] PHP Warning:  file_get_contents(C:\Users\Migu-\Local Sites\laviedesplantes\app\public/wp-content/plugins/): Failed to open stream: No such file or directory in C:\Users\Migu-\Local Sites\laviedesplantes\app\public\wp-includes\functions.php on line 6805
[04-Jan-2024 06:58:29 UTC] PHP Warning:  file_get_contents(C:\Users\Migu-\Local Sites\laviedesplantes\app\public/wp-content/plugins/): Failed to open stream: No such file or directory in C:\Users\Migu-\Local Sites\laviedesplantes\app\public\wp-includes\functions.php on line 6805
[04-Jan-2024 06:58:56 UTC] PHP Warning:  file_get_contents(C:\Users\Migu-\Local Sites\laviedesplantes\app\public/wp-content/plugins/): Failed to open stream: No such file or directory in C:\Users\Migu-\Local Sites\laviedesplantes\app\public\wp-includes\functions.php on line 6805
[04-Jan-2024 06:58:58 UTC] PHP Warning:  file_get_contents(C:\Users\Migu-\Local Sites\laviedesplantes\app\public/wp-content/plugins/): Failed to open stream: No such file or directory in C:\Users\Migu-\Local Sites\laviedesplantes\app\public\wp-includes\functions.php on line 6805
[04-Jan-2024 06:59:33 UTC] PHP Warning:  file_get_contents(C:\Users\Migu-\Local Sites\laviedesplantes\app\public/wp-content/plugins/): Failed to open stream: No such file or directory in C:\Users\Migu-\Local Sites\laviedesplantes\app\public\wp-includes\functions.php on line 6805
[04-Jan-2024 06:59:33 UTC] PHP Warning:  file_get_contents(C:\Users\Migu-\Local Sites\laviedesplantes\app\public/wp-content/plugins/): Failed to open stream: No such file or directory in C:\Users\Migu-\Local Sites\laviedesplantes\app\public\wp-includes\functions.php on line 6805
[04-Jan-2024 06:59:34 UTC] PHP Warning:  chmod(): Permission denied in C:\Users\Migu-\Local Sites\laviedesplantes\app\public\wp-content\plugins\simply-static\src\tasks\class-ss-transfer-files-locally-task.php on line 85
[04-Jan-2024 06:59:34 UTC] PHP Warning:  copy(/index.html): Failed to open stream: Permission denied in C:\Users\Migu-\Local Sites\laviedesplantes\app\public\wp-content\plugins\simply-static\src\tasks\class-ss-transfer-files-locally-task.php on line 91
[04-Jan-2024 06:59:34 UTC] PHP Warning:  chmod(): Permission denied in C:\Users\Migu-\Local Sites\laviedesplantes\app\public\wp-content\plugins\simply-static\src\tasks\class-ss-transfer-files-locally-task.php on line 85
[04-Jan-2024 06:59:34 UTC] PHP Warning:  copy(/sitemap_index.xml): Failed to open stream: Permission denied in C:\Users\Migu-\Local Sites\laviedesplantes\app\public\wp-content\plugins\simply-static\src\tasks\class-ss-transfer-files-locally-task.php on line 91
[04-Jan-2024 06:59:35 UTC] PHP Warning:  chmod(): Permission denied in C:\Users\Migu-\Local Sites\laviedesplantes\app\public\wp-content\plugins\simply-static\src\tasks\class-ss-transfer-files-locally-task.php on line 85
[04-Jan-2024 06:59:35 UTC] PHP Warning:  copy(/main-sitemap.xsl): Failed to open stream: Permission denied in C:\Users\Migu-\Local Sites\laviedesplantes\app\public\wp-content\plugins\simply-static\src\tasks\class-ss-transfer-files-locally-task.php on line 91
[04-Jan-2024 06:59:35 UTC] PHP Warning:  chmod(): Permission denied in C:\Users\Migu-\Local Sites\laviedesplantes\app\public\wp-content\plugins\simply-static\src\tasks\class-ss-transfer-files-locally-task.php on line 85
[04-Jan-2024 06:59:35 UTC] PHP Warning:  copy(/page-sitemap.xml): Failed to open stream: Permission denied in C:\Users\Migu-\Local Sites\laviedesplantes\app\public\wp-content\plugins\simply-static\src\tasks\class-ss-transfer-files-locally-task.php on line 91
[04-Jan-2024 06:59:35 UTC] PHP Warning:  chmod(): Permission denied in C:\Users\Migu-\Local Sites\laviedesplantes\app\public\wp-content\plugins\simply-static\src\tasks\class-ss-transfer-files-locally-task.php on line 85
[04-Jan-2024 06:59:35 UTC] PHP Warning:  copy(/product-sitemap.xml): Failed to open stream: Permission denied in C:\Users\Migu-\Local Sites\laviedesplantes\app\public\wp-content\plugins\simply-static\src\tasks\class-ss-transfer-files-locally-task.php on line 91
[04-Jan-2024 06:59:35 UTC] PHP Warning:  chmod(): Permission denied in C:\Users\Migu-\Local Sites\laviedesplantes\app\public\wp-content\plugins\simply-static\src\tasks\class-ss-transfer-files-locally-task.php on line 85
[04-Jan-2024 06:59:35 UTC] PHP Warning:  copy(/category-sitemap.xml): Failed to open stream: Permission denied in C:\Users\Migu-\Local Sites\laviedesplantes\app\public\wp-content\plugins\simply-static\src\tasks\class-ss-transfer-files-locally-task.php on line 91
[04-Jan-2024 06:59:35 UTC] PHP Warning:  chmod(): Permission denied in C:\Users\Migu-\Local Sites\laviedesplantes\app\public\wp-content\plugins\simply-static\src\tasks\class-ss-transfer-files-locally-task.php on line 85
[04-Jan-2024 06:59:35 UTC] PHP Warning:  copy(/author-sitemap.xml): Failed to open stream: Permission denied in C:\Users\Migu-\Local Sites\laviedesplantes\app\public\wp-content\plugins\simply-static\src\tasks\class-ss-transfer-files-locally-task.php on line 91
[04-Jan-2024 06:59:35 UTC] PHP Warning:  copy(/wp-json/wp/v2/pages/18/index.html): Failed to open stream: No such file or directory in C:\Users\Migu-\Local Sites\laviedesplantes\app\public\wp-content\plugins\simply-static\src\tasks\class-ss-transfer-files-locally-task.php on line 91
[04-Jan-2024 06:59:35 UTC] PHP Warning:  copy(/wp-json/wp/v2/product/141/index.html): Failed to open stream: No such file or directory in C:\Users\Migu-\Local Sites\laviedesplantes\app\public\wp-content\plugins\simply-static\src\tasks\class-ss-transfer-files-locally-task.php on line 91
[04-Jan-2024 07:00:44 UTC] PHP Warning:  file_get_contents(C:\Users\Migu-\Local Sites\laviedesplantes\app\public/wp-content/plugins/): Failed to open stream: No such file or directory in C:\Users\Migu-\Local Sites\laviedesplantes\app\public\wp-includes\functions.php on line 6805
[04-Jan-2024 07:00:49 UTC] PHP Warning:  file_get_contents(C:\Users\Migu-\Local Sites\laviedesplantes\app\public/wp-content/plugins/): Failed to open stream: No such file or directory in C:\Users\Migu-\Local Sites\laviedesplantes\app\public\wp-includes\functions.php on line 6805
[04-Jan-2024 07:02:24 UTC] PHP Warning:  file_get_contents(C:\Users\Migu-\Local Sites\laviedesplantes\app\public/wp-content/plugins/): Failed to open stream: No such file or directory in C:\Users\Migu-\Local Sites\laviedesplantes\app\public\wp-includes\functions.php on line 6805
[04-Jan-2024 07:04:30 UTC] PHP Warning:  file_get_contents(C:\Users\Migu-\Local Sites\laviedesplantes\app\public/wp-content/plugins/): Failed to open stream: No such file or directory in C:\Users\Migu-\Local Sites\laviedesplantes\app\public\wp-includes\functions.php on line 6805
[04-Jan-2024 07:04:30 UTC] PHP Warning:  file_get_contents(C:\Users\Migu-\Local Sites\laviedesplantes\app\public/wp-content/plugins/): Failed to open stream: No such file or directory in C:\Users\Migu-\Local Sites\laviedesplantes\app\public\wp-includes\functions.php on line 6805
[04-Jan-2024 07:08:47 UTC] PHP Warning:  file_get_contents(C:\Users\Migu-\Local Sites\laviedesplantes\app\public/wp-content/plugins/): Failed to open stream: No such file or directory in C:\Users\Migu-\Local Sites\laviedesplantes\app\public\wp-includes\functions.php on line 6805
[04-Jan-2024 07:08:49 UTC] PHP Warning:  file_get_contents(C:\Users\Migu-\Local Sites\laviedesplantes\app\public/wp-content/plugins/): Failed to open stream: No such file or directory in C:\Users\Migu-\Local Sites\laviedesplantes\app\public\wp-includes\functions.php on line 6805
[04-Jan-2024 07:10:38 UTC] PHP Warning:  file_get_contents(C:\Users\Migu-\Local Sites\laviedesplantes\app\public/wp-content/plugins/): Failed to open stream: No such file or directory in C:\Users\Migu-\Local Sites\laviedesplantes\app\public\wp-includes\functions.php on line 6805
[04-Jan-2024 07:10:40 UTC] PHP Warning:  file_get_contents(C:\Users\Migu-\Local Sites\laviedesplantes\app\public/wp-content/plugins/): Failed to open stream: No such file or directory in C:\Users\Migu-\Local Sites\laviedesplantes\app\public\wp-includes\functions.php on line 6805
[04-Jan-2024 07:10:48 UTC] PHP Warning:  file_get_contents(C:\Users\Migu-\Local Sites\laviedesplantes\app\public/wp-content/plugins/): Failed to open stream: No such file or directory in C:\Users\Migu-\Local Sites\laviedesplantes\app\public\wp-includes\functions.php on line 6805
[04-Jan-2024 07:10:54 UTC] PHP Warning:  file_get_contents(C:\Users\Migu-\Local Sites\laviedesplantes\app\public/wp-content/plugins/): Failed to open stream: No such file or directory in C:\Users\Migu-\Local Sites\laviedesplantes\app\public\wp-includes\functions.php on line 6805
[04-Jan-2024 07:11:02 UTC] PHP Warning:  file_get_contents(C:\Users\Migu-\Local Sites\laviedesplantes\app\public/wp-content/plugins/): Failed to open stream: No such file or directory in C:\Users\Migu-\Local Sites\laviedesplantes\app\public\wp-includes\functions.php on line 6805
[04-Jan-2024 07:11:51 UTC] PHP Warning:  file_get_contents(C:\Users\Migu-\Local Sites\laviedesplantes\app\public/wp-content/plugins/): Failed to open stream: No such file or directory in C:\Users\Migu-\Local Sites\laviedesplantes\app\public\wp-includes\functions.php on line 6805
[04-Jan-2024 07:12:52 UTC] PHP Warning:  file_get_contents(C:\Users\Migu-\Local Sites\laviedesplantes\app\public/wp-content/plugins/): Failed to open stream: No such file or directory in C:\Users\Migu-\Local Sites\laviedesplantes\app\public\wp-includes\functions.php on line 6805
[04-Jan-2024 07:14:07 UTC] PHP Warning:  file_get_contents(C:\Users\Migu-\Local Sites\laviedesplantes\app\public/wp-content/plugins/): Failed to open stream: No such file or directory in C:\Users\Migu-\Local Sites\laviedesplantes\app\public\wp-includes\functions.php on line 6805
[04-Jan-2024 07:14:32 UTC] PHP Warning:  file_get_contents(C:\Users\Migu-\Local Sites\laviedesplantes\app\public/wp-content/plugins/): Failed to open stream: No such file or directory in C:\Users\Migu-\Local Sites\laviedesplantes\app\public\wp-includes\functions.php on line 6805
[04-Jan-2024 07:14:39 UTC] PHP Warning:  file_get_contents(C:\Users\Migu-\Local Sites\laviedesplantes\app\public/wp-content/plugins/): Failed to open stream: No such file or directory in C:\Users\Migu-\Local Sites\laviedesplantes\app\public\wp-includes\functions.php on line 6805
[04-Jan-2024 07:15:37 UTC] PHP Warning:  file_get_contents(C:\Users\Migu-\Local Sites\laviedesplantes\app\public/wp-content/plugins/): Failed to open stream: No such file or directory in C:\Users\Migu-\Local Sites\laviedesplantes\app\public\wp-includes\functions.php on line 6805
[04-Jan-2024 07:16:37 UTC] PHP Warning:  file_get_contents(C:\Users\Migu-\Local Sites\laviedesplantes\app\public/wp-content/plugins/): Failed to open stream: No such file or directory in C:\Users\Migu-\Local Sites\laviedesplantes\app\public\wp-includes\functions.php on line 6805
[04-Jan-2024 07:17:37 UTC] PHP Warning:  file_get_contents(C:\Users\Migu-\Local Sites\laviedesplantes\app\public/wp-content/plugins/): Failed to open stream: No such file or directory in C:\Users\Migu-\Local Sites\laviedesplantes\app\public\wp-includes\functions.php on line 6805
[04-Jan-2024 07:23:34 UTC] PHP Warning:  file_get_contents(C:\Users\Migu-\Local Sites\laviedesplantes\app\public/wp-content/plugins/): Failed to open stream: No such file or directory in C:\Users\Migu-\Local Sites\laviedesplantes\app\public\wp-includes\functions.php on line 6805
[04-Jan-2024 07:23:40 UTC] PHP Warning:  file_get_contents(C:\Users\Migu-\Local Sites\laviedesplantes\app\public/wp-content/plugins/): Failed to open stream: No such file or directory in C:\Users\Migu-\Local Sites\laviedesplantes\app\public\wp-includes\functions.php on line 6805
[04-Jan-2024 07:23:47 UTC] PHP Warning:  file_get_contents(C:\Users\Migu-\Local Sites\laviedesplantes\app\public/wp-content/plugins/): Failed to open stream: No such file or directory in C:\Users\Migu-\Local Sites\laviedesplantes\app\public\wp-includes\functions.php on line 6805
[04-Jan-2024 07:24:22 UTC] PHP Warning:  file_get_contents(C:\Users\Migu-\Local Sites\laviedesplantes\app\public/wp-content/plugins/): Failed to open stream: No such file or directory in C:\Users\Migu-\Local Sites\laviedesplantes\app\public\wp-includes\functions.php on line 6805
[04-Jan-2024 07:24:32 UTC] PHP Warning:  file_get_contents(C:\Users\Migu-\Local Sites\laviedesplantes\app\public/wp-content/plugins/): Failed to open stream: No such file or directory in C:\Users\Migu-\Local Sites\laviedesplantes\app\public\wp-includes\functions.php on line 6805
[04-Jan-2024 07:26:51 UTC] PHP Warning:  file_get_contents(C:\Users\Migu-\Local Sites\laviedesplantes\app\public/wp-content/plugins/): Failed to open stream: No such file or directory in C:\Users\Migu-\Local Sites\laviedesplantes\app\public\wp-includes\functions.php on line 6805
[04-Jan-2024 07:27:01 UTC] PHP Warning:  file_get_contents(C:\Users\Migu-\Local Sites\laviedesplantes\app\public/wp-content/plugins/): Failed to open stream: No such file or directory in C:\Users\Migu-\Local Sites\laviedesplantes\app\public\wp-includes\functions.php on line 6805
[04-Jan-2024 07:27:01 UTC] PHP Warning:  chmod(): Permission denied in C:\Users\Migu-\Local Sites\laviedesplantes\app\public\wp-content\plugins\simply-static\src\tasks\class-ss-transfer-files-locally-task.php on line 85
[04-Jan-2024 07:27:01 UTC] PHP Warning:  copy(/sitemap_index.xml): Failed to open stream: Permission denied in C:\Users\Migu-\Local Sites\laviedesplantes\app\public\wp-content\plugins\simply-static\src\tasks\class-ss-transfer-files-locally-task.php on line 91
[04-Jan-2024 07:27:11 UTC] PHP Warning:  chmod(): Permission denied in C:\Users\Migu-\Local Sites\laviedesplantes\app\public\wp-content\plugins\simply-static\src\tasks\class-ss-transfer-files-locally-task.php on line 85
[04-Jan-2024 07:27:11 UTC] PHP Warning:  copy(/main-sitemap.xsl): Failed to open stream: Permission denied in C:\Users\Migu-\Local Sites\laviedesplantes\app\public\wp-content\plugins\simply-static\src\tasks\class-ss-transfer-files-locally-task.php on line 91
[04-Jan-2024 07:27:11 UTC] PHP Warning:  chmod(): Permission denied in C:\Users\Migu-\Local Sites\laviedesplantes\app\public\wp-content\plugins\simply-static\src\tasks\class-ss-transfer-files-locally-task.php on line 85
[04-Jan-2024 07:27:11 UTC] PHP Warning:  copy(/page-sitemap.xml): Failed to open stream: Permission denied in C:\Users\Migu-\Local Sites\laviedesplantes\app\public\wp-content\plugins\simply-static\src\tasks\class-ss-transfer-files-locally-task.php on line 91
[04-Jan-2024 07:27:11 UTC] PHP Warning:  chmod(): Permission denied in C:\Users\Migu-\Local Sites\laviedesplantes\app\public\wp-content\plugins\simply-static\src\tasks\class-ss-transfer-files-locally-task.php on line 85
[04-Jan-2024 07:27:11 UTC] PHP Warning:  copy(/mailpoet_page-sitemap.xml): Failed to open stream: Permission denied in C:\Users\Migu-\Local Sites\laviedesplantes\app\public\wp-content\plugins\simply-static\src\tasks\class-ss-transfer-files-locally-task.php on line 91
[04-Jan-2024 07:27:11 UTC] PHP Warning:  chmod(): Permission denied in C:\Users\Migu-\Local Sites\laviedesplantes\app\public\wp-content\plugins\simply-static\src\tasks\class-ss-transfer-files-locally-task.php on line 85
[04-Jan-2024 07:27:11 UTC] PHP Warning:  copy(/category-sitemap.xml): Failed to open stream: Permission denied in C:\Users\Migu-\Local Sites\laviedesplantes\app\public\wp-content\plugins\simply-static\src\tasks\class-ss-transfer-files-locally-task.php on line 91
[04-Jan-2024 07:27:11 UTC] PHP Warning:  chmod(): Permission denied in C:\Users\Migu-\Local Sites\laviedesplantes\app\public\wp-content\plugins\simply-static\src\tasks\class-ss-transfer-files-locally-task.php on line 85
[04-Jan-2024 07:27:11 UTC] PHP Warning:  copy(/author-sitemap.xml): Failed to open stream: Permission denied in C:\Users\Migu-\Local Sites\laviedesplantes\app\public\wp-content\plugins\simply-static\src\tasks\class-ss-transfer-files-locally-task.php on line 91
[04-Jan-2024 07:27:12 UTC] PHP Warning:  copy(/wp-json/wp/v2/pages/7/index.html): Failed to open stream: No such file or directory in C:\Users\Migu-\Local Sites\laviedesplantes\app\public\wp-content\plugins\simply-static\src\tasks\class-ss-transfer-files-locally-task.php on line 91
[04-Jan-2024 07:27:13 UTC] PHP Warning:  copy(/wp-json/wp/v2/pages/188/index.html): Failed to open stream: No such file or directory in C:\Users\Migu-\Local Sites\laviedesplantes\app\public\wp-content\plugins\simply-static\src\tasks\class-ss-transfer-files-locally-task.php on line 91
[04-Jan-2024 07:27:13 UTC] PHP Warning:  copy(/wp-json/wp/v2/categories/19/index.html): Failed to open stream: No such file or directory in C:\Users\Migu-\Local Sites\laviedesplantes\app\public\wp-content\plugins\simply-static\src\tasks\class-ss-transfer-files-locally-task.php on line 91
[04-Jan-2024 07:27:13 UTC] PHP Warning:  copy(/wp-json/wp/v2/product/141/index.html): Failed to open stream: No such file or directory in C:\Users\Migu-\Local Sites\laviedesplantes\app\public\wp-content\plugins\simply-static\src\tasks\class-ss-transfer-files-locally-task.php on line 91
[04-Jan-2024 07:27:56 UTC] PHP Warning:  file_get_contents(C:\Users\Migu-\Local Sites\laviedesplantes\app\public/wp-content/plugins/): Failed to open stream: No such file or directory in C:\Users\Migu-\Local Sites\laviedesplantes\app\public\wp-includes\functions.php on line 6805
[04-Jan-2024 07:27:59 UTC] PHP Warning:  file_get_contents(C:\Users\Migu-\Local Sites\laviedesplantes\app\public/wp-content/plugins/): Failed to open stream: No such file or directory in C:\Users\Migu-\Local Sites\laviedesplantes\app\public\wp-includes\functions.php on line 6805
[04-Jan-2024 07:28:52 UTC] PHP Warning:  file_get_contents(C:\Users\Migu-\Local Sites\laviedesplantes\app\public/wp-content/plugins/): Failed to open stream: No such file or directory in C:\Users\Migu-\Local Sites\laviedesplantes\app\public\wp-includes\functions.php on line 6805
[04-Jan-2024 07:30:58 UTC] PHP Warning:  file_get_contents(C:\Users\Migu-\Local Sites\laviedesplantes\app\public/wp-content/plugins/): Failed to open stream: No such file or directory in C:\Users\Migu-\Local Sites\laviedesplantes\app\public\wp-includes\functions.php on line 6805
[04-Jan-2024 07:31:06 UTC] PHP Warning:  file_get_contents(C:\Users\Migu-\Local Sites\laviedesplantes\app\public/wp-content/plugins/): Failed to open stream: No such file or directory in C:\Users\Migu-\Local Sites\laviedesplantes\app\public\wp-includes\functions.php on line 6805
[04-Jan-2024 07:33:45 UTC] PHP Warning:  file_get_contents(C:\Users\Migu-\Local Sites\laviedesplantes\app\public/wp-content/plugins/): Failed to open stream: No such file or directory in C:\Users\Migu-\Local Sites\laviedesplantes\app\public\wp-includes\functions.php on line 6805
[04-Jan-2024 07:33:46 UTC] PHP Warning:  file_get_contents(C:\Users\Migu-\Local Sites\laviedesplantes\app\public/wp-content/plugins/): Failed to open stream: No such file or directory in C:\Users\Migu-\Local Sites\laviedesplantes\app\public\wp-includes\functions.php on line 6805
[04-Jan-2024 07:33:58 UTC] PHP Warning:  file_get_contents(C:\Users\Migu-\Local Sites\laviedesplantes\app\public/wp-content/plugins/): Failed to open stream: No such file or directory in C:\Users\Migu-\Local Sites\laviedesplantes\app\public\wp-includes\functions.php on line 6805
[04-Jan-2024 07:34:05 UTC] PHP Warning:  file_get_contents(C:\Users\Migu-\Local Sites\laviedesplantes\app\public/wp-content/plugins/): Failed to open stream: No such file or directory in C:\Users\Migu-\Local Sites\laviedesplantes\app\public\wp-includes\functions.php on line 6805
[04-Jan-2024 07:35:08 UTC] PHP Warning:  file_get_contents(C:\Users\Migu-\Local Sites\laviedesplantes\app\public/wp-content/plugins/): Failed to open stream: No such file or directory in C:\Users\Migu-\Local Sites\laviedesplantes\app\public\wp-includes\functions.php on line 6805
[04-Jan-2024 07:36:08 UTC] PHP Warning:  file_get_contents(C:\Users\Migu-\Local Sites\laviedesplantes\app\public/wp-content/plugins/): Failed to open stream: No such file or directory in C:\Users\Migu-\Local Sites\laviedesplantes\app\public\wp-includes\functions.php on line 6805
[04-Jan-2024 07:37:08 UTC] PHP Warning:  file_get_contents(C:\Users\Migu-\Local Sites\laviedesplantes\app\public/wp-content/plugins/): Failed to open stream: No such file or directory in C:\Users\Migu-\Local Sites\laviedesplantes\app\public\wp-includes\functions.php on line 6805
[04-Jan-2024 07:37:22 UTC] PHP Warning:  file_get_contents(C:\Users\Migu-\Local Sites\laviedesplantes\app\public/wp-content/plugins/): Failed to open stream: No such file or directory in C:\Users\Migu-\Local Sites\laviedesplantes\app\public\wp-includes\functions.php on line 6805
[04-Jan-2024 07:37:31 UTC] PHP Warning:  file_get_contents(C:\Users\Migu-\Local Sites\laviedesplantes\app\public/wp-content/plugins/): Failed to open stream: No such file or directory in C:\Users\Migu-\Local Sites\laviedesplantes\app\public\wp-includes\functions.php on line 6805
[04-Jan-2024 07:37:33 UTC] PHP Warning:  file_get_contents(C:\Users\Migu-\Local Sites\laviedesplantes\app\public/wp-content/plugins/): Failed to open stream: No such file or directory in C:\Users\Migu-\Local Sites\laviedesplantes\app\public\wp-includes\functions.php on line 6805
[04-Jan-2024 07:37:53 UTC] PHP Warning:  file_get_contents(C:\Users\Migu-\Local Sites\laviedesplantes\app\public/wp-content/plugins/): Failed to open stream: No such file or directory in C:\Users\Migu-\Local Sites\laviedesplantes\app\public\wp-includes\functions.php on line 6805
[04-Jan-2024 07:38:09 UTC] PHP Warning:  file_get_contents(C:\Users\Migu-\Local Sites\laviedesplantes\app\public/wp-content/plugins/): Failed to open stream: No such file or directory in C:\Users\Migu-\Local Sites\laviedesplantes\app\public\wp-includes\functions.php on line 6805
[04-Jan-2024 07:38:46 UTC] PHP Warning:  file_get_contents(C:\Users\Migu-\Local Sites\laviedesplantes\app\public/wp-content/plugins/): Failed to open stream: No such file or directory in C:\Users\Migu-\Local Sites\laviedesplantes\app\public\wp-includes\functions.php on line 6805
[04-Jan-2024 07:39:09 UTC] PHP Warning:  file_get_contents(C:\Users\Migu-\Local Sites\laviedesplantes\app\public/wp-content/plugins/): Failed to open stream: No such file or directory in C:\Users\Migu-\Local Sites\laviedesplantes\app\public\wp-includes\functions.php on line 6805
[04-Jan-2024 07:39:13 UTC] PHP Warning:  file_get_contents(C:\Users\Migu-\Local Sites\laviedesplantes\app\public/wp-content/plugins/): Failed to open stream: No such file or directory in C:\Users\Migu-\Local Sites\laviedesplantes\app\public\wp-includes\functions.php on line 6805
[04-Jan-2024 07:39:25 UTC] PHP Warning:  file_get_contents(C:\Users\Migu-\Local Sites\laviedesplantes\app\public/wp-content/plugins/): Failed to open stream: No such file or directory in C:\Users\Migu-\Local Sites\laviedesplantes\app\public\wp-includes\functions.php on line 6805
[04-Jan-2024 07:39:32 UTC] PHP Warning:  file_get_contents(C:\Users\Migu-\Local Sites\laviedesplantes\app\public/wp-content/plugins/): Failed to open stream: No such file or directory in C:\Users\Migu-\Local Sites\laviedesplantes\app\public\wp-includes\functions.php on line 6805
[04-Jan-2024 07:39:34 UTC] PHP Warning:  file_get_contents(C:\Users\Migu-\Local Sites\laviedesplantes\app\public/wp-content/plugins/): Failed to open stream: No such file or directory in C:\Users\Migu-\Local Sites\laviedesplantes\app\public\wp-includes\functions.php on line 6805
[04-Jan-2024 07:39:35 UTC] PHP Warning:  file_get_contents(C:\Users\Migu-\Local Sites\laviedesplantes\app\public/wp-content/plugins/): Failed to open stream: No such file or directory in C:\Users\Migu-\Local Sites\laviedesplantes\app\public\wp-includes\functions.php on line 6805
[04-Jan-2024 07:39:39 UTC] PHP Warning:  file_get_contents(C:\Users\Migu-\Local Sites\laviedesplantes\app\public/wp-content/plugins/): Failed to open stream: No such file or directory in C:\Users\Migu-\Local Sites\laviedesplantes\app\public\wp-includes\functions.php on line 6805
[04-Jan-2024 07:39:52 UTC] PHP Warning:  file_get_contents(C:\Users\Migu-\Local Sites\laviedesplantes\app\public/wp-content/plugins/): Failed to open stream: No such file or directory in C:\Users\Migu-\Local Sites\laviedesplantes\app\public\wp-includes\functions.php on line 6805
[04-Jan-2024 07:40:17 UTC] PHP Warning:  file_get_contents(C:\Users\Migu-\Local Sites\laviedesplantes\app\public/wp-content/plugins/): Failed to open stream: No such file or directory in C:\Users\Migu-\Local Sites\laviedesplantes\app\public\wp-includes\functions.php on line 6805
[04-Jan-2024 07:40:25 UTC] PHP Warning:  file_get_contents(C:\Users\Migu-\Local Sites\laviedesplantes\app\public/wp-content/plugins/): Failed to open stream: No such file or directory in C:\Users\Migu-\Local Sites\laviedesplantes\app\public\wp-includes\functions.php on line 6805
[04-Jan-2024 07:40:38 UTC] PHP Warning:  file_get_contents(C:\Users\Migu-\Local Sites\laviedesplantes\app\public/wp-content/plugins/): Failed to open stream: No such file or directory in C:\Users\Migu-\Local Sites\laviedesplantes\app\public\wp-includes\functions.php on line 6805
[04-Jan-2024 07:42:39 UTC] PHP Warning:  file_get_contents(C:\Users\Migu-\Local Sites\laviedesplantes\app\public/wp-content/plugins/): Failed to open stream: No such file or directory in C:\Users\Migu-\Local Sites\laviedesplantes\app\public\wp-includes\functions.php on line 6805
[04-Jan-2024 07:44:41 UTC] PHP Warning:  file_get_contents(C:\Users\Migu-\Local Sites\laviedesplantes\app\public/wp-content/plugins/): Failed to open stream: No such file or directory in C:\Users\Migu-\Local Sites\laviedesplantes\app\public\wp-includes\functions.php on line 6805
[04-Jan-2024 07:44:44 UTC] PHP Warning:  file_get_contents(C:\Users\Migu-\Local Sites\laviedesplantes\app\public/wp-content/plugins/): Failed to open stream: No such file or directory in C:\Users\Migu-\Local Sites\laviedesplantes\app\public\wp-includes\functions.php on line 6805
[04-Jan-2024 07:46:41 UTC] PHP Warning:  file_get_contents(C:\Users\Migu-\Local Sites\laviedesplantes\app\public/wp-content/plugins/): Failed to open stream: No such file or directory in C:\Users\Migu-\Local Sites\laviedesplantes\app\public\wp-includes\functions.php on line 6805
[04-Jan-2024 07:48:42 UTC] PHP Warning:  file_get_contents(C:\Users\Migu-\Local Sites\laviedesplantes\app\public/wp-content/plugins/): Failed to open stream: No such file or directory in C:\Users\Migu-\Local Sites\laviedesplantes\app\public\wp-includes\functions.php on line 6805
[04-Jan-2024 07:50:43 UTC] PHP Warning:  file_get_contents(C:\Users\Migu-\Local Sites\laviedesplantes\app\public/wp-content/plugins/): Failed to open stream: No such file or directory in C:\Users\Migu-\Local Sites\laviedesplantes\app\public\wp-includes\functions.php on line 6805
[04-Jan-2024 07:50:51 UTC] PHP Warning:  file_get_contents(C:\Users\Migu-\Local Sites\laviedesplantes\app\public/wp-content/plugins/): Failed to open stream: No such file or directory in C:\Users\Migu-\Local Sites\laviedesplantes\app\public\wp-includes\functions.php on line 6805
[04-Jan-2024 07:57:36 UTC] PHP Warning:  file_get_contents(C:\Users\Migu-\Local Sites\laviedesplantes\app\public/wp-content/plugins/): Failed to open stream: No such file or directory in C:\Users\Migu-\Local Sites\laviedesplantes\app\public\wp-includes\functions.php on line 6805
[04-Jan-2024 07:58:13 UTC] PHP Warning:  file_get_contents(C:\Users\Migu-\Local Sites\laviedesplantes\app\public/wp-content/plugins/): Failed to open stream: No such file or directory in C:\Users\Migu-\Local Sites\laviedesplantes\app\public\wp-includes\functions.php on line 6805
[04-Jan-2024 07:58:13 UTC] PHP Warning:  chmod(): Permission denied in C:\Users\Migu-\Local Sites\laviedesplantes\app\public\wp-content\plugins\simply-static\src\tasks\class-ss-transfer-files-locally-task.php on line 85
[04-Jan-2024 07:58:13 UTC] PHP Warning:  copy(/index.html): Failed to open stream: Permission denied in C:\Users\Migu-\Local Sites\laviedesplantes\app\public\wp-content\plugins\simply-static\src\tasks\class-ss-transfer-files-locally-task.php on line 91
[04-Jan-2024 07:58:13 UTC] PHP Warning:  chmod(): Permission denied in C:\Users\Migu-\Local Sites\laviedesplantes\app\public\wp-content\plugins\simply-static\src\tasks\class-ss-transfer-files-locally-task.php on line 85
[04-Jan-2024 07:58:13 UTC] PHP Warning:  copy(/sitemap_index.xml): Failed to open stream: Permission denied in C:\Users\Migu-\Local Sites\laviedesplantes\app\public\wp-content\plugins\simply-static\src\tasks\class-ss-transfer-files-locally-task.php on line 91
[04-Jan-2024 07:58:15 UTC] PHP Warning:  chmod(): Permission denied in C:\Users\Migu-\Local Sites\laviedesplantes\app\public\wp-content\plugins\simply-static\src\tasks\class-ss-transfer-files-locally-task.php on line 85
[04-Jan-2024 07:58:15 UTC] PHP Warning:  copy(/post-sitemap.xml): Failed to open stream: Permission denied in C:\Users\Migu-\Local Sites\laviedesplantes\app\public\wp-content\plugins\simply-static\src\tasks\class-ss-transfer-files-locally-task.php on line 91
[04-Jan-2024 07:58:15 UTC] PHP Warning:  chmod(): Permission denied in C:\Users\Migu-\Local Sites\laviedesplantes\app\public\wp-content\plugins\simply-static\src\tasks\class-ss-transfer-files-locally-task.php on line 85
[04-Jan-2024 07:58:15 UTC] PHP Warning:  copy(/product-sitemap.xml): Failed to open stream: Permission denied in C:\Users\Migu-\Local Sites\laviedesplantes\app\public\wp-content\plugins\simply-static\src\tasks\class-ss-transfer-files-locally-task.php on line 91
[04-Jan-2024 07:58:15 UTC] PHP Warning:  chmod(): Permission denied in C:\Users\Migu-\Local Sites\laviedesplantes\app\public\wp-content\plugins\simply-static\src\tasks\class-ss-transfer-files-locally-task.php on line 85
[04-Jan-2024 07:58:15 UTC] PHP Warning:  copy(/mailpoet_page-sitemap.xml): Failed to open stream: Permission denied in C:\Users\Migu-\Local Sites\laviedesplantes\app\public\wp-content\plugins\simply-static\src\tasks\class-ss-transfer-files-locally-task.php on line 91
[04-Jan-2024 07:58:15 UTC] PHP Warning:  chmod(): Permission denied in C:\Users\Migu-\Local Sites\laviedesplantes\app\public\wp-content\plugins\simply-static\src\tasks\class-ss-transfer-files-locally-task.php on line 85
[04-Jan-2024 07:58:15 UTC] PHP Warning:  copy(/author-sitemap.xml): Failed to open stream: Permission denied in C:\Users\Migu-\Local Sites\laviedesplantes\app\public\wp-content\plugins\simply-static\src\tasks\class-ss-transfer-files-locally-task.php on line 91
[04-Jan-2024 07:58:15 UTC] PHP Warning:  copy(/wp-json/wp/v2/pages/18/index.html): Failed to open stream: No such file or directory in C:\Users\Migu-\Local Sites\laviedesplantes\app\public\wp-content\plugins\simply-static\src\tasks\class-ss-transfer-files-locally-task.php on line 91
[04-Jan-2024 07:58:15 UTC] PHP Warning:  copy(/wp-json/wp/v2/product/141/index.html): Failed to open stream: No such file or directory in C:\Users\Migu-\Local Sites\laviedesplantes\app\public\wp-content\plugins\simply-static\src\tasks\class-ss-transfer-files-locally-task.php on line 91
[04-Jan-2024 07:58:15 UTC] PHP Warning:  copy(/wp-json/wp/v2/categories/19/index.html): Failed to open stream: No such file or directory in C:\Users\Migu-\Local Sites\laviedesplantes\app\public\wp-content\plugins\simply-static\src\tasks\class-ss-transfer-files-locally-task.php on line 91
[04-Jan-2024 07:58:15 UTC] PHP Warning:  copy(/wp-json/wp/v2/pages/188/index.html): Failed to open stream: No such file or directory in C:\Users\Migu-\Local Sites\laviedesplantes\app\public\wp-content\plugins\simply-static\src\tasks\class-ss-transfer-files-locally-task.php on line 91
[04-Jan-2024 07:58:15 UTC] PHP Warning:  copy(/wp-json/wp/v2/product_cat/35/index.html): Failed to open stream: No such file or directory in C:\Users\Migu-\Local Sites\laviedesplantes\app\public\wp-content\plugins\simply-static\src\tasks\class-ss-transfer-files-locally-task.php on line 91
[04-Jan-2024 07:58:35 UTC] PHP Warning:  file_get_contents(C:\Users\Migu-\Local Sites\laviedesplantes\app\public/wp-content/plugins/): Failed to open stream: No such file or directory in C:\Users\Migu-\Local Sites\laviedesplantes\app\public\wp-includes\functions.php on line 6805
[04-Jan-2024 07:59:23 UTC] PHP Warning:  file_get_contents(C:\Users\Migu-\Local Sites\laviedesplantes\app\public/wp-content/plugins/): Failed to open stream: No such file or directory in C:\Users\Migu-\Local Sites\laviedesplantes\app\public\wp-includes\functions.php on line 6805
[04-Jan-2024 07:59:35 UTC] PHP Warning:  file_get_contents(C:\Users\Migu-\Local Sites\laviedesplantes\app\public/wp-content/plugins/): Failed to open stream: No such file or directory in C:\Users\Migu-\Local Sites\laviedesplantes\app\public\wp-includes\functions.php on line 6805
[04-Jan-2024 08:01:04 UTC] PHP Warning:  file_get_contents(C:\Users\Migu-\Local Sites\laviedesplantes\app\public/wp-content/plugins/): Failed to open stream: No such file or directory in C:\Users\Migu-\Local Sites\laviedesplantes\app\public\wp-includes\functions.php on line 6805
[04-Jan-2024 08:01:06 UTC] PHP Warning:  file_get_contents(C:\Users\Migu-\Local Sites\laviedesplantes\app\public/wp-content/plugins/): Failed to open stream: No such file or directory in C:\Users\Migu-\Local Sites\laviedesplantes\app\public\wp-includes\functions.php on line 6805
[04-Jan-2024 08:01:36 UTC] PHP Warning:  file_get_contents(C:\Users\Migu-\Local Sites\laviedesplantes\app\public/wp-content/plugins/): Failed to open stream: No such file or directory in C:\Users\Migu-\Local Sites\laviedesplantes\app\public\wp-includes\functions.php on line 6805
[04-Jan-2024 08:03:17 UTC] PHP Warning:  file_get_contents(C:\Users\Migu-\Local Sites\laviedesplantes\app\public/wp-content/plugins/): Failed to open stream: No such file or directory in C:\Users\Migu-\Local Sites\laviedesplantes\app\public\wp-includes\functions.php on line 6805
[04-Jan-2024 08:03:17 UTC] PHP Warning:  file_get_contents(C:\Users\Migu-\Local Sites\laviedesplantes\app\public/wp-content/plugins/): Failed to open stream: No such file or directory in C:\Users\Migu-\Local Sites\laviedesplantes\app\public\wp-includes\functions.php on line 6805
[04-Jan-2024 08:03:37 UTC] PHP Warning:  file_get_contents(C:\Users\Migu-\Local Sites\laviedesplantes\app\public/wp-content/plugins/): Failed to open stream: No such file or directory in C:\Users\Migu-\Local Sites\laviedesplantes\app\public\wp-includes\functions.php on line 6805
[04-Jan-2024 08:05:39 UTC] PHP Warning:  file_get_contents(C:\Users\Migu-\Local Sites\laviedesplantes\app\public/wp-content/plugins/): Failed to open stream: No such file or directory in C:\Users\Migu-\Local Sites\laviedesplantes\app\public\wp-includes\functions.php on line 6805
[04-Jan-2024 08:06:42 UTC] PHP Warning:  file_get_contents(C:\Users\Migu-\Local Sites\laviedesplantes\app\public/wp-content/plugins/): Failed to open stream: No such file or directory in C:\Users\Migu-\Local Sites\laviedesplantes\app\public\wp-includes\functions.php on line 6805
[04-Jan-2024 08:06:44 UTC] PHP Warning:  file_get_contents(C:\Users\Migu-\Local Sites\laviedesplantes\app\public/wp-content/plugins/): Failed to open stream: No such file or directory in C:\Users\Migu-\Local Sites\laviedesplantes\app\public\wp-includes\functions.php on line 6805
[04-Jan-2024 08:07:39 UTC] PHP Warning:  file_get_contents(C:\Users\Migu-\Local Sites\laviedesplantes\app\public/wp-content/plugins/): Failed to open stream: No such file or directory in C:\Users\Migu-\Local Sites\laviedesplantes\app\public\wp-includes\functions.php on line 6805
[04-Jan-2024 08:09:02 UTC] PHP Warning:  file_get_contents(C:\Users\Migu-\Local Sites\laviedesplantes\app\public/wp-content/plugins/): Failed to open stream: No such file or directory in C:\Users\Migu-\Local Sites\laviedesplantes\app\public\wp-includes\functions.php on line 6805
[04-Jan-2024 08:09:03 UTC] PHP Warning:  file_get_contents(C:\Users\Migu-\Local Sites\laviedesplantes\app\public/wp-content/plugins/): Failed to open stream: No such file or directory in C:\Users\Migu-\Local Sites\laviedesplantes\app\public\wp-includes\functions.php on line 6805
[04-Jan-2024 08:09:04 UTC] PHP Warning:  file_get_contents(C:\Users\Migu-\Local Sites\laviedesplantes\app\public/wp-content/plugins/): Failed to open stream: No such file or directory in C:\Users\Migu-\Local Sites\laviedesplantes\app\public\wp-includes\functions.php on line 6805
[04-Jan-2024 08:09:17 UTC] PHP Warning:  file_get_contents(C:\Users\Migu-\Local Sites\laviedesplantes\app\public/wp-content/plugins/): Failed to open stream: No such file or directory in C:\Users\Migu-\Local Sites\laviedesplantes\app\public\wp-includes\functions.php on line 6805
[04-Jan-2024 08:10:03 UTC] PHP Warning:  file_get_contents(C:\Users\Migu-\Local Sites\laviedesplantes\app\public/wp-content/plugins/): Failed to open stream: No such file or directory in C:\Users\Migu-\Local Sites\laviedesplantes\app\public\wp-includes\functions.php on line 6805
[04-Jan-2024 08:12:04 UTC] PHP Warning:  file_get_contents(C:\Users\Migu-\Local Sites\laviedesplantes\app\public/wp-content/plugins/): Failed to open stream: No such file or directory in C:\Users\Migu-\Local Sites\laviedesplantes\app\public\wp-includes\functions.php on line 6805
[04-Jan-2024 08:14:01 UTC] PHP Warning:  file_get_contents(C:\Users\Migu-\Local Sites\laviedesplantes\app\public/wp-content/plugins/): Failed to open stream: No such file or directory in C:\Users\Migu-\Local Sites\laviedesplantes\app\public\wp-includes\functions.php on line 6805
[04-Jan-2024 08:15:01 UTC] PHP Warning:  file_get_contents(C:\Users\Migu-\Local Sites\laviedesplantes\app\public/wp-content/plugins/): Failed to open stream: No such file or directory in C:\Users\Migu-\Local Sites\laviedesplantes\app\public\wp-includes\functions.php on line 6805
[04-Jan-2024 08:17:02 UTC] PHP Warning:  file_get_contents(C:\Users\Migu-\Local Sites\laviedesplantes\app\public/wp-content/plugins/): Failed to open stream: No such file or directory in C:\Users\Migu-\Local Sites\laviedesplantes\app\public\wp-includes\functions.php on line 6805
[04-Jan-2024 08:19:04 UTC] PHP Warning:  file_get_contents(C:\Users\Migu-\Local Sites\laviedesplantes\app\public/wp-content/plugins/): Failed to open stream: No such file or directory in C:\Users\Migu-\Local Sites\laviedesplantes\app\public\wp-includes\functions.php on line 6805
[04-Jan-2024 08:19:07 UTC] PHP Warning:  file_get_contents(C:\Users\Migu-\Local Sites\laviedesplantes\app\public/wp-content/plugins/): Failed to open stream: No such file or directory in C:\Users\Migu-\Local Sites\laviedesplantes\app\public\wp-includes\functions.php on line 6805
[04-Jan-2024 08:20:05 UTC] PHP Warning:  file_get_contents(C:\Users\Migu-\Local Sites\laviedesplantes\app\public/wp-content/plugins/): Failed to open stream: No such file or directory in C:\Users\Migu-\Local Sites\laviedesplantes\app\public\wp-includes\functions.php on line 6805
[04-Jan-2024 08:20:41 UTC] PHP Warning:  file_get_contents(C:\Users\Migu-\Local Sites\laviedesplantes\app\public/wp-content/plugins/): Failed to open stream: No such file or directory in C:\Users\Migu-\Local Sites\laviedesplantes\app\public\wp-includes\functions.php on line 6805
[04-Jan-2024 08:20:42 UTC] PHP Warning:  chmod(): Permission denied in C:\Users\Migu-\Local Sites\laviedesplantes\app\public\wp-content\plugins\simply-static\src\tasks\class-ss-transfer-files-locally-task.php on line 85
[04-Jan-2024 08:20:42 UTC] PHP Warning:  copy(/index.html): Failed to open stream: Permission denied in C:\Users\Migu-\Local Sites\laviedesplantes\app\public\wp-content\plugins\simply-static\src\tasks\class-ss-transfer-files-locally-task.php on line 91
[04-Jan-2024 08:20:43 UTC] PHP Warning:  file_get_contents(C:\Users\Migu-\Local Sites\laviedesplantes\app\public/wp-content/plugins/): Failed to open stream: No such file or directory in C:\Users\Migu-\Local Sites\laviedesplantes\app\public\wp-includes\functions.php on line 6805
[04-Jan-2024 08:20:43 UTC] PHP Warning:  copy(/wp-json/wp/v2/product/143/index.html): Failed to open stream: No such file or directory in C:\Users\Migu-\Local Sites\laviedesplantes\app\public\wp-content\plugins\simply-static\src\tasks\class-ss-transfer-files-locally-task.php on line 91
[04-Jan-2024 08:20:43 UTC] PHP Warning:  copy(/wp-json/wp/v2/categories/19/index.html): Failed to open stream: No such file or directory in C:\Users\Migu-\Local Sites\laviedesplantes\app\public\wp-content\plugins\simply-static\src\tasks\class-ss-transfer-files-locally-task.php on line 91
[04-Jan-2024 08:20:49 UTC] PHP Warning:  file_get_contents(C:\Users\Migu-\Local Sites\laviedesplantes\app\public/wp-content/plugins/): Failed to open stream: No such file or directory in C:\Users\Migu-\Local Sites\laviedesplantes\app\public\wp-includes\functions.php on line 6805
[04-Jan-2024 08:21:02 UTC] PHP Warning:  file_get_contents(C:\Users\Migu-\Local Sites\laviedesplantes\app\public/wp-content/plugins/): Failed to open stream: No such file or directory in C:\Users\Migu-\Local Sites\laviedesplantes\app\public\wp-includes\functions.php on line 6805
[05-Jan-2024 16:45:23 UTC] PHP Warning:  file_get_contents(C:\Users\Migu-\Local Sites\laviedesplantes\app\public/wp-content/plugins/): Failed to open stream: No such file or directory in C:\Users\Migu-\Local Sites\laviedesplantes\app\public\wp-includes\functions.php on line 6805
[05-Jan-2024 16:45:29 UTC] PHP Warning:  file_get_contents(C:\Users\Migu-\Local Sites\laviedesplantes\app\public/wp-content/plugins/): Failed to open stream: No such file or directory in C:\Users\Migu-\Local Sites\laviedesplantes\app\public\wp-includes\functions.php on line 6805
[05-Jan-2024 16:45:29 UTC] PHP Warning:  file_get_contents(C:\Users\Migu-\Local Sites\laviedesplantes\app\public/wp-content/plugins/): Failed to open stream: No such file or directory in C:\Users\Migu-\Local Sites\laviedesplantes\app\public\wp-includes\functions.php on line 6805
[05-Jan-2024 16:45:31 UTC] PHP Warning:  file_get_contents(C:\Users\Migu-\Local Sites\laviedesplantes\app\public/wp-content/plugins/): Failed to open stream: No such file or directory in C:\Users\Migu-\Local Sites\laviedesplantes\app\public\wp-includes\functions.php on line 6805
[05-Jan-2024 16:45:34 UTC] PHP Warning:  file_get_contents(C:\Users\Migu-\Local Sites\laviedesplantes\app\public/wp-content/plugins/): Failed to open stream: No such file or directory in C:\Users\Migu-\Local Sites\laviedesplantes\app\public\wp-includes\functions.php on line 6805
[05-Jan-2024 16:45:35 UTC] PHP Warning:  file_get_contents(C:\Users\Migu-\Local Sites\laviedesplantes\app\public/wp-content/plugins/): Failed to open stream: No such file or directory in C:\Users\Migu-\Local Sites\laviedesplantes\app\public\wp-includes\functions.php on line 6805
